<testsuites id="" name="" tests="3" failures="0" skipped="0" errors="0" time="20.14797">
<testsuite name="FlightBooking.spec.js" timestamp="2025-12-29T18:25:14.458Z" hostname="chromium" tests="1" failures="0" skipped="0" time="13.917" errors="0">
<testcase name="Flight booking: search, select, pay, success" classname="FlightBooking.spec.js" time="13.917">
<system-out>
<![CDATA[[36m[INFO][0m 2025-12-29T18:25:18.312Z: Setting up practiceSitePage fixture
[36m[INFO][0m 2025-12-29T18:25:18.315Z: Navigating to https://testerbud.com/
[32m[SUCCESS][0m 2025-12-29T18:25:25.457Z: Homepage loaded successfully
[36m[INFO][0m 2025-12-29T18:25:25.460Z: Selecting practice site at index 5
[36m[INFO][0m 2025-12-29T18:25:25.460Z: Opening practice sites dropdown
[32m[SUCCESS][0m 2025-12-29T18:25:27.664Z: Successfully navigated to practice site 5
Page title: TesterBud: Dummy Flight Booking Application
Body text preview: You need to enable JavaScript to run this app.TesterBud: Dummy Flight Booking Application Learn to automate flight booking processes, including selecting travel options and verifying booking confirmat
[36m[INFO][0m 2025-12-29T18:25:31.469Z: Fixture teardown completed
]]>
</system-out>
</testcase>
</testsuite>
<testsuite name="FlightBooking.spec.js" timestamp="2025-12-29T18:25:14.458Z" hostname="firefox" tests="1" failures="0" skipped="0" time="16.01" errors="0">
<testcase name="Flight booking: search, select, pay, success" classname="FlightBooking.spec.js" time="16.01">
<system-out>
<![CDATA[[36m[INFO][0m 2025-12-29T18:25:19.681Z: Setting up practiceSitePage fixture
[36m[INFO][0m 2025-12-29T18:25:19.682Z: Navigating to https://testerbud.com/
[32m[SUCCESS][0m 2025-12-29T18:25:27.542Z: Homepage loaded successfully
[36m[INFO][0m 2025-12-29T18:25:27.545Z: Selecting practice site at index 5
[36m[INFO][0m 2025-12-29T18:25:27.545Z: Opening practice sites dropdown
[32m[SUCCESS][0m 2025-12-29T18:25:30.409Z: Successfully navigated to practice site 5
Page title: Tester Buddy
Body text preview: You need to enable JavaScript to run this app.
[36m[INFO][0m 2025-12-29T18:25:33.548Z: Fixture teardown completed
]]>
</system-out>
</testcase>
</testsuite>
<testsuite name="FlightBooking.spec.js" timestamp="2025-12-29T18:25:14.458Z" hostname="webkit" tests="1" failures="0" skipped="0" time="10.893" errors="0">
<testcase name="Flight booking: search, select, pay, success" classname="FlightBooking.spec.js" time="10.893">
<system-out>
<![CDATA[[36m[INFO][0m 2025-12-29T18:25:17.430Z: Setting up practiceSitePage fixture
[36m[INFO][0m 2025-12-29T18:25:17.432Z: Navigating to https://testerbud.com/
[32m[SUCCESS][0m 2025-12-29T18:25:21.529Z: Homepage loaded successfully
[36m[INFO][0m 2025-12-29T18:25:21.530Z: Selecting practice site at index 5
[36m[INFO][0m 2025-12-29T18:25:21.530Z: Opening practice sites dropdown
[32m[SUCCESS][0m 2025-12-29T18:25:22.733Z: Successfully navigated to practice site 5
Page title: Tester Buddy
Body text preview: You need to enable JavaScript to run this app.TesterBud: Dummy Flight Booking Application Learn to automate flight booking processes, including selecting travel options and verifying booking confirmat
[36m[INFO][0m 2025-12-29T18:25:27.004Z: Fixture teardown completed
]]>
</system-out>
</testcase>
</testsuite>
</testsuites>