<testsuites id="" name="" tests="54" failures="0" skipped="0" errors="0" time="67.917307">
<testsuite name="dataValidation.spec.js" timestamp="2025-12-31T20:29:57.513Z" hostname="chromium" tests="11" failures="0" skipped="0" time="0.27" errors="0">
<testcase name="Data Validation Tests › validate form test data" classname="dataValidation.spec.js" time="0.029">
<system-out>
<![CDATA[[36m[INFO][0m 2025-12-31T20:29:59.473Z: Running form data validation test
[32m[SUCCESS][0m 2025-12-31T20:29:59.475Z: Form data validation passed
]]>
</system-out>
</testcase>
<testcase name="Data Validation Tests › validate login credentials" classname="dataValidation.spec.js" time="0.01">
<system-out>
<![CDATA[[36m[INFO][0m 2025-12-31T20:29:59.542Z: Running credentials validation test
[32m[SUCCESS][0m 2025-12-31T20:29:59.543Z: Credentials validation passed
]]>
</system-out>
</testcase>
<testcase name="Data Validation Tests › validate address fields" classname="dataValidation.spec.js" time="0.023">
<system-out>
<![CDATA[[36m[INFO][0m 2025-12-31T20:29:59.589Z: Running address validation test
[32m[SUCCESS][0m 2025-12-31T20:29:59.590Z: Address validation passed
]]>
</system-out>
</testcase>
<testcase name="Data Validation Tests › validate payment details" classname="dataValidation.spec.js" time="0.011">
<system-out>
<![CDATA[[36m[INFO][0m 2025-12-31T20:29:59.649Z: Running payment validation test
[32m[SUCCESS][0m 2025-12-31T20:29:59.651Z: Payment validation passed
]]>
</system-out>
</testcase>
<testcase name="Data Validation Tests › validate individual form fields" classname="dataValidation.spec.js" time="0.052">
<system-out>
<![CDATA[[36m[INFO][0m 2025-12-31T20:29:59.804Z: Running individual field validation tests
[35m[DEBUG][0m 2025-12-31T20:29:59.807Z: Email validation passed
[35m[DEBUG][0m 2025-12-31T20:29:59.809Z: First name validation passed
[35m[DEBUG][0m 2025-12-31T20:29:59.811Z: Last name validation passed
[35m[DEBUG][0m 2025-12-31T20:29:59.813Z: DOB validation passed
[35m[DEBUG][0m 2025-12-31T20:29:59.815Z: Phone number validation passed
[32m[SUCCESS][0m 2025-12-31T20:29:59.815Z: All field validations passed
]]>
</system-out>
</testcase>
<testcase name="Data Validation Tests › validate email format" classname="dataValidation.spec.js" time="0.083">
<system-out>
<![CDATA[[36m[INFO][0m 2025-12-31T20:30:00.096Z: Testing email validation
[32m[SUCCESS][0m 2025-12-31T20:30:00.103Z: Email validation tests passed
]]>
</system-out>
</testcase>
<testcase name="Data Validation Tests › validate phone number format" classname="dataValidation.spec.js" time="0.012">
<system-out>
<![CDATA[[36m[INFO][0m 2025-12-31T20:30:00.246Z: Testing phone number validation
[32m[SUCCESS][0m 2025-12-31T20:30:00.254Z: Phone number validation tests passed
]]>
</system-out>
</testcase>
<testcase name="Data Validation Tests › validate date format" classname="dataValidation.spec.js" time="0.025">
<system-out>
<![CDATA[[36m[INFO][0m 2025-12-31T20:30:00.351Z: Testing date validation
[32m[SUCCESS][0m 2025-12-31T20:30:00.372Z: Date validation tests passed
]]>
</system-out>
</testcase>
<testcase name="Data Validation Tests › validate name format" classname="dataValidation.spec.js" time="0.012">
<system-out>
<![CDATA[[36m[INFO][0m 2025-12-31T20:30:00.416Z: Testing name validation
[32m[SUCCESS][0m 2025-12-31T20:30:00.424Z: Name validation tests passed
]]>
</system-out>
</testcase>
<testcase name="Data Validation Tests › validate password format" classname="dataValidation.spec.js" time="0.009">
<system-out>
<![CDATA[[36m[INFO][0m 2025-12-31T20:30:00.460Z: Testing password validation
[32m[SUCCESS][0m 2025-12-31T20:30:00.466Z: Password validation tests passed
]]>
</system-out>
</testcase>
<testcase name="Data Validation Tests › validate quantity format" classname="dataValidation.spec.js" time="0.004">
<system-out>
<![CDATA[[36m[INFO][0m 2025-12-31T20:30:00.482Z: Testing quantity validation
[32m[SUCCESS][0m 2025-12-31T20:30:00.486Z: Quantity validation tests passed
]]>
</system-out>
</testcase>
</testsuite>
<testsuite name="ecommerce.spec.js" timestamp="2025-12-31T20:29:57.513Z" hostname="chromium" tests="1" failures="0" skipped="0" time="11.358" errors="0">
<testcase name="Ecommerce flow: add, search, cart, shipping, payment, success" classname="ecommerce.spec.js" time="11.358">
<system-out>
<![CDATA[[36m[INFO][0m 2025-12-31T20:30:00.058Z: Setting up practiceSitePage fixture
[36m[INFO][0m 2025-12-31T20:30:00.060Z: Navigating to https://testerbud.com/
[32m[SUCCESS][0m 2025-12-31T20:30:05.702Z: Homepage loaded successfully
[36m[INFO][0m 2025-12-31T20:30:05.705Z: Starting Ecommerce Flow Test
[32m[SUCCESS][0m 2025-12-31T20:30:05.706Z: Data validation passed
[36m[INFO][0m 2025-12-31T20:30:05.707Z: Selecting practice site at index 4
[36m[INFO][0m 2025-12-31T20:30:05.707Z: Opening practice sites dropdown
[32m[SUCCESS][0m 2025-12-31T20:30:06.523Z: Successfully navigated to practice site 4
[36m[INFO][0m 2025-12-31T20:30:06.675Z: Adding product: Laptop Pro x2
[36m[INFO][0m 2025-12-31T20:30:06.925Z: Adding product: Wireless Mouse x3
[36m[INFO][0m 2025-12-31T20:30:07.115Z: Searching for product: Monitor 4K
[36m[INFO][0m 2025-12-31T20:30:07.137Z: Adding searched product: Monitor 4K x1
[36m[INFO][0m 2025-12-31T20:30:07.277Z: Opening cart modal
[36m[INFO][0m 2025-12-31T20:30:08.294Z: Removing product from cart: Wireless Mouse
[36m[INFO][0m 2025-12-31T20:30:08.664Z: Proceeding to buy
[36m[INFO][0m 2025-12-31T20:30:08.929Z: Filling shipping address
[36m[INFO][0m 2025-12-31T20:30:10.080Z: Filling payment details
[36m[INFO][0m 2025-12-31T20:30:10.487Z: Verifying order success
[32m[SUCCESS][0m 2025-12-31T20:30:10.894Z: Ecommerce flow passed successfully
[36m[INFO][0m 2025-12-31T20:30:10.897Z: Fixture teardown completed
]]>
</system-out>
</testcase>
</testsuite>
<testsuite name="FlightBooking.spec.js" timestamp="2025-12-31T20:29:57.513Z" hostname="chromium" tests="1" failures="0" skipped="0" time="13.982" errors="0">
<testcase name="Flight booking: search, select, pay, success" classname="FlightBooking.spec.js" time="13.982">
<system-out>
<![CDATA[[36m[INFO][0m 2025-12-31T20:30:00.314Z: Setting up practiceSitePage fixture
[36m[INFO][0m 2025-12-31T20:30:00.317Z: Navigating to https://testerbud.com/
[32m[SUCCESS][0m 2025-12-31T20:30:07.180Z: Homepage loaded successfully
[36m[INFO][0m 2025-12-31T20:30:07.182Z: Selecting practice site at index 5
[36m[INFO][0m 2025-12-31T20:30:07.182Z: Opening practice sites dropdown
[32m[SUCCESS][0m 2025-12-31T20:30:09.272Z: Successfully navigated to practice site 5
Page title: TesterBud: Dummy Flight Booking Application
Body text preview: You need to enable JavaScript to run this app.TesterBud: Dummy Flight Booking Application Learn to automate flight booking processes, including selecting travel options and verifying booking confirmat
[36m[INFO][0m 2025-12-31T20:30:13.298Z: Fixture teardown completed
]]>
</system-out>
</testcase>
</testsuite>
<testsuite name="forgotPassword.spec.js" timestamp="2025-12-31T20:29:57.513Z" hostname="chromium" tests="1" failures="0" skipped="0" time="10.194" errors="0">
<testcase name="Forgot Password Flow" classname="forgotPassword.spec.js" time="10.194">
<system-out>
<![CDATA[[36m[INFO][0m 2025-12-31T20:30:00.311Z: Setting up practiceSitePage fixture
[36m[INFO][0m 2025-12-31T20:30:00.313Z: Navigating to https://testerbud.com/
[32m[SUCCESS][0m 2025-12-31T20:30:06.458Z: Homepage loaded successfully
[36m[INFO][0m 2025-12-31T20:30:06.459Z: Starting Forgot Password Test
[32m[SUCCESS][0m 2025-12-31T20:30:06.459Z: Forgot Password data validation passed
[36m[INFO][0m 2025-12-31T20:30:06.459Z: Selecting practice site at index 2
[36m[INFO][0m 2025-12-31T20:30:06.460Z: Opening practice sites dropdown
[32m[SUCCESS][0m 2025-12-31T20:30:07.533Z: Successfully navigated to practice site 2
[32m[SUCCESS][0m 2025-12-31T20:30:09.659Z: Forgot Password flow passed successfully
[36m[INFO][0m 2025-12-31T20:30:09.664Z: Fixture teardown completed
]]>
</system-out>
</testcase>
</testsuite>
<testsuite name="login.spec.js" timestamp="2025-12-31T20:29:57.513Z" hostname="chromium" tests="1" failures="0" skipped="0" time="9.09" errors="0">
<testcase name="login flow with first practice site" classname="login.spec.js" time="9.09">
<system-out>
<![CDATA[[36m[INFO][0m 2025-12-31T20:30:00.454Z: Setting up practiceSitePage fixture
[36m[INFO][0m 2025-12-31T20:30:00.456Z: Navigating to https://testerbud.com/
[32m[SUCCESS][0m 2025-12-31T20:30:05.705Z: Homepage loaded successfully
[36m[INFO][0m 2025-12-31T20:30:05.707Z: Starting Login Test
[32m[SUCCESS][0m 2025-12-31T20:30:05.708Z: Credentials validation passed
[36m[INFO][0m 2025-12-31T20:30:05.708Z: Selecting first practice site
[36m[INFO][0m 2025-12-31T20:30:05.708Z: Selecting practice site at index 0
[36m[INFO][0m 2025-12-31T20:30:05.709Z: Opening practice sites dropdown
[32m[SUCCESS][0m 2025-12-31T20:30:06.615Z: Successfully navigated to practice site 0
[36m[INFO][0m 2025-12-31T20:30:06.615Z: Attempting login with email: user@premiumbank.com
[35m[DEBUG][0m 2025-12-31T20:30:06.616Z: LoginPage initialized
[36m[INFO][0m 2025-12-31T20:30:06.617Z: Filling email field: user@premiumbank.com
[35m[DEBUG][0m 2025-12-31T20:30:06.725Z: Attempt 1/3: Executing operation
[32m[SUCCESS][0m 2025-12-31T20:30:06.835Z: ✓ Operation succeeded on attempt 1
[36m[INFO][0m 2025-12-31T20:30:06.836Z: Filling password field
[35m[DEBUG][0m 2025-12-31T20:30:06.847Z: Attempt 1/3: Executing operation
[32m[SUCCESS][0m 2025-12-31T20:30:06.941Z: ✓ Operation succeeded on attempt 1
[36m[INFO][0m 2025-12-31T20:30:06.941Z: Clicking sign in button
[35m[DEBUG][0m 2025-12-31T20:30:06.964Z: Attempt 1/3: Executing operation
[32m[SUCCESS][0m 2025-12-31T20:30:08.486Z: ✓ Operation succeeded on attempt 1
[32m[SUCCESS][0m 2025-12-31T20:30:08.486Z: Login action completed
[36m[INFO][0m 2025-12-31T20:30:08.486Z: Verifying welcome message
[36m[INFO][0m 2025-12-31T20:30:08.486Z: Verifying welcome message visibility
[32m[SUCCESS][0m 2025-12-31T20:30:08.503Z: Welcome message is visible: "Login Successful! Welcome to Premium Banking."
[32m[SUCCESS][0m 2025-12-31T20:30:08.506Z: Login test passed successfully
[36m[INFO][0m 2025-12-31T20:30:08.510Z: Fixture teardown completed
]]>
</system-out>
</testcase>
</testsuite>
<testsuite name="registration.spec.js" timestamp="2025-12-31T20:29:57.513Z" hostname="chromium" tests="1" failures="0" skipped="0" time="14.054" errors="0">
<testcase name="Registration Flow with valid data" classname="registration.spec.js" time="14.054">
<system-out>
<![CDATA[[36m[INFO][0m 2025-12-31T20:30:00.226Z: Setting up practiceSitePage fixture
[36m[INFO][0m 2025-12-31T20:30:00.229Z: Navigating to https://testerbud.com/
[32m[SUCCESS][0m 2025-12-31T20:30:07.887Z: Homepage loaded successfully
[36m[INFO][0m 2025-12-31T20:30:07.889Z: Starting Registration Test
[32m[SUCCESS][0m 2025-12-31T20:30:07.890Z: Registration data validation passed
[36m[INFO][0m 2025-12-31T20:30:07.890Z: Selecting Registration practice site
[36m[INFO][0m 2025-12-31T20:30:07.890Z: Selecting practice site at index 3
[36m[INFO][0m 2025-12-31T20:30:07.890Z: Opening practice sites dropdown
[32m[SUCCESS][0m 2025-12-31T20:30:11.565Z: Successfully navigated to practice site 3
[36m[INFO][0m 2025-12-31T20:30:11.566Z: Filling registration form
[36m[INFO][0m 2025-12-31T20:30:13.311Z: Verifying registration success message
[32m[SUCCESS][0m 2025-12-31T20:30:13.330Z: Registration test passed successfully
[36m[INFO][0m 2025-12-31T20:30:13.334Z: Fixture teardown completed
]]>
</system-out>
</testcase>
</testsuite>
<testsuite name="uiPlayground.spec.js" timestamp="2025-12-31T20:29:57.513Z" hostname="chromium" tests="1" failures="0" skipped="0" time="21.556" errors="0">
<testcase name="UI Playground - Explore + Basic + Interactive + Complex + Advanced Elements › verify page heading and interact with all elements" classname="uiPlayground.spec.js" time="21.556">
<system-out>
<![CDATA[[36m[INFO][0m 2025-12-31T20:30:00.742Z: Setting up practiceSitePage fixture
[36m[INFO][0m 2025-12-31T20:30:00.742Z: Navigating to https://testerbud.com/
[32m[SUCCESS][0m 2025-12-31T20:30:08.194Z: Homepage loaded successfully
[36m[INFO][0m 2025-12-31T20:30:08.195Z: Selecting practice site at index 6
[36m[INFO][0m 2025-12-31T20:30:08.195Z: Opening practice sites dropdown
[32m[SUCCESS][0m 2025-12-31T20:30:11.335Z: Successfully navigated to practice site 6
[36m[INFO][0m 2025-12-31T20:30:21.827Z: Fixture teardown completed
]]>
</system-out>
</testcase>
</testsuite>
<testsuite name="webForm.spec.js" timestamp="2025-12-31T20:29:57.513Z" hostname="chromium" tests="1" failures="0" skipped="0" time="6.073" errors="0">
<testcase name="Web Form Automation flow with dummy data" classname="webForm.spec.js" time="6.073">
<system-out>
<![CDATA[[36m[INFO][0m 2025-12-31T20:30:09.215Z: Setting up practiceSitePage fixture
[36m[INFO][0m 2025-12-31T20:30:09.215Z: Navigating to https://testerbud.com/
[32m[SUCCESS][0m 2025-12-31T20:30:12.014Z: Homepage loaded successfully
[36m[INFO][0m 2025-12-31T20:30:12.015Z: Starting Web Form Automation Test
[32m[SUCCESS][0m 2025-12-31T20:30:12.016Z: Form data validation passed
[36m[INFO][0m 2025-12-31T20:30:12.016Z: Selecting second practice site (Web Form Automation)
[36m[INFO][0m 2025-12-31T20:30:12.016Z: Selecting practice site at index 1
[36m[INFO][0m 2025-12-31T20:30:12.016Z: Opening practice sites dropdown
[32m[SUCCESS][0m 2025-12-31T20:30:12.954Z: Successfully navigated to practice site 1
[35m[DEBUG][0m 2025-12-31T20:30:12.963Z: AutomateWebFormPage initialized
[36m[INFO][0m 2025-12-31T20:30:12.963Z: Filling form with test data
[35m[DEBUG][0m 2025-12-31T20:30:12.964Z: Form data validation passed
[36m[INFO][0m 2025-12-31T20:30:12.964Z: Selecting country: India
[35m[DEBUG][0m 2025-12-31T20:30:13.130Z: Attempt 1/3: Executing operation
[32m[SUCCESS][0m 2025-12-31T20:30:13.172Z: ✓ Operation succeeded on attempt 1
[36m[INFO][0m 2025-12-31T20:30:13.172Z: Selecting title: Mr.
[35m[DEBUG][0m 2025-12-31T20:30:13.187Z: Attempt 1/3: Executing operation
[32m[SUCCESS][0m 2025-12-31T20:30:13.231Z: ✓ Operation succeeded on attempt 1
[36m[INFO][0m 2025-12-31T20:30:13.231Z: Filling first name: Marghoob
[35m[DEBUG][0m 2025-12-31T20:30:13.244Z: Attempt 1/3: Executing operation
[32m[SUCCESS][0m 2025-12-31T20:30:13.335Z: ✓ Operation succeeded on attempt 1
[36m[INFO][0m 2025-12-31T20:30:13.335Z: Filling last name: Alam
[35m[DEBUG][0m 2025-12-31T20:30:13.349Z: Attempt 1/3: Executing operation
[32m[SUCCESS][0m 2025-12-31T20:30:13.459Z: ✓ Operation succeeded on attempt 1
[36m[INFO][0m 2025-12-31T20:30:13.459Z: Filling date of birth: 1995-08-15
[35m[DEBUG][0m 2025-12-31T20:30:13.473Z: Attempt 1/3: Executing operation
[32m[SUCCESS][0m 2025-12-31T20:30:13.696Z: ✓ Operation succeeded on attempt 1
[36m[INFO][0m 2025-12-31T20:30:13.696Z: Filling joining date: 01/01/2024
[35m[DEBUG][0m 2025-12-31T20:30:13.706Z: Attempt 1/3: Executing operation
[32m[SUCCESS][0m 2025-12-31T20:30:13.811Z: ✓ Operation succeeded on attempt 1
[36m[INFO][0m 2025-12-31T20:30:13.812Z: Filling email: marghoob@example.com
[35m[DEBUG][0m 2025-12-31T20:30:13.826Z: Attempt 1/3: Executing operation
[32m[SUCCESS][0m 2025-12-31T20:30:13.923Z: ✓ Operation succeeded on attempt 1
[36m[INFO][0m 2025-12-31T20:30:13.923Z: Selecting phone country code: +91
[35m[DEBUG][0m 2025-12-31T20:30:13.933Z: Attempt 1/3: Executing operation
[32m[SUCCESS][0m 2025-12-31T20:30:13.981Z: ✓ Operation succeeded on attempt 1
[36m[INFO][0m 2025-12-31T20:30:13.981Z: Filling phone number: 9876543210
[35m[DEBUG][0m 2025-12-31T20:30:13.997Z: Attempt 1/3: Executing operation
[32m[SUCCESS][0m 2025-12-31T20:30:14.088Z: ✓ Operation succeeded on attempt 1
[36m[INFO][0m 2025-12-31T20:30:14.088Z: Selecting communication method: Phone
[35m[DEBUG][0m 2025-12-31T20:30:14.098Z: Attempt 1/3: Executing operation
[32m[SUCCESS][0m 2025-12-31T20:30:14.652Z: ✓ Operation succeeded on attempt 1
[36m[INFO][0m 2025-12-31T20:30:14.652Z: Clicking submit button
[35m[DEBUG][0m 2025-12-31T20:30:14.678Z: Attempt 1/3: Executing operation
[32m[SUCCESS][0m 2025-12-31T20:30:14.748Z: ✓ Operation succeeded on attempt 1
[32m[SUCCESS][0m 2025-12-31T20:30:14.748Z: Form submitted successfully
[36m[INFO][0m 2025-12-31T20:30:14.748Z: Verifying success message
[36m[INFO][0m 2025-12-31T20:30:14.748Z: Verifying success message visibility
[32m[SUCCESS][0m 2025-12-31T20:30:14.769Z: Success message is visible: "✕Details Successfully Added!Thank you for practicing form automation.We do not store any data. Please avoid entering personal information. Use only dummy data for practicing automation scripts. 😊Go Back to Form"
[32m[SUCCESS][0m 2025-12-31T20:30:14.771Z: Web Form test passed successfully
[36m[INFO][0m 2025-12-31T20:30:14.773Z: Fixture teardown completed
]]>
</system-out>
</testcase>
</testsuite>
<testsuite name="dataValidation.spec.js" timestamp="2025-12-31T20:29:57.513Z" hostname="firefox" tests="11" failures="0" skipped="0" time="0.239" errors="0">
<testcase name="Data Validation Tests › validate form test data" classname="dataValidation.spec.js" time="0.029">
<system-out>
<![CDATA[[36m[INFO][0m 2025-12-31T20:30:12.387Z: Running form data validation test
[32m[SUCCESS][0m 2025-12-31T20:30:12.392Z: Form data validation passed
]]>
</system-out>
</testcase>
<testcase name="Data Validation Tests › validate login credentials" classname="dataValidation.spec.js" time="0.01">
<system-out>
<![CDATA[[36m[INFO][0m 2025-12-31T20:30:12.447Z: Running credentials validation test
[32m[SUCCESS][0m 2025-12-31T20:30:12.448Z: Credentials validation passed
]]>
</system-out>
</testcase>
<testcase name="Data Validation Tests › validate address fields" classname="dataValidation.spec.js" time="0.02">
<system-out>
<![CDATA[[36m[INFO][0m 2025-12-31T20:30:12.490Z: Running address validation test
[32m[SUCCESS][0m 2025-12-31T20:30:12.491Z: Address validation passed
]]>
</system-out>
</testcase>
<testcase name="Data Validation Tests › validate payment details" classname="dataValidation.spec.js" time="0.008">
<system-out>
<![CDATA[[36m[INFO][0m 2025-12-31T20:30:12.538Z: Running payment validation test
[32m[SUCCESS][0m 2025-12-31T20:30:12.539Z: Payment validation passed
]]>
</system-out>
</testcase>
<testcase name="Data Validation Tests › validate individual form fields" classname="dataValidation.spec.js" time="0.016">
<system-out>
<![CDATA[[36m[INFO][0m 2025-12-31T20:30:12.572Z: Running individual field validation tests
[35m[DEBUG][0m 2025-12-31T20:30:12.576Z: Email validation passed
[35m[DEBUG][0m 2025-12-31T20:30:12.579Z: First name validation passed
[35m[DEBUG][0m 2025-12-31T20:30:12.581Z: Last name validation passed
[35m[DEBUG][0m 2025-12-31T20:30:12.583Z: DOB validation passed
[35m[DEBUG][0m 2025-12-31T20:30:12.585Z: Phone number validation passed
[32m[SUCCESS][0m 2025-12-31T20:30:12.585Z: All field validations passed
]]>
</system-out>
</testcase>
<testcase name="Data Validation Tests › validate email format" classname="dataValidation.spec.js" time="0.008">
<system-out>
<![CDATA[[36m[INFO][0m 2025-12-31T20:30:12.615Z: Testing email validation
[32m[SUCCESS][0m 2025-12-31T20:30:12.621Z: Email validation tests passed
]]>
</system-out>
</testcase>
<testcase name="Data Validation Tests › validate phone number format" classname="dataValidation.spec.js" time="0.007">
<system-out>
<![CDATA[[36m[INFO][0m 2025-12-31T20:30:12.652Z: Testing phone number validation
[32m[SUCCESS][0m 2025-12-31T20:30:12.657Z: Phone number validation tests passed
]]>
</system-out>
</testcase>
<testcase name="Data Validation Tests › validate date format" classname="dataValidation.spec.js" time="0.008">
<system-out>
<![CDATA[[36m[INFO][0m 2025-12-31T20:30:12.688Z: Testing date validation
[32m[SUCCESS][0m 2025-12-31T20:30:12.694Z: Date validation tests passed
]]>
</system-out>
</testcase>
<testcase name="Data Validation Tests › validate name format" classname="dataValidation.spec.js" time="0.013">
<system-out>
<![CDATA[[36m[INFO][0m 2025-12-31T20:30:12.718Z: Testing name validation
[32m[SUCCESS][0m 2025-12-31T20:30:12.727Z: Name validation tests passed
]]>
</system-out>
</testcase>
<testcase name="Data Validation Tests › validate password format" classname="dataValidation.spec.js" time="0.013">
<system-out>
<![CDATA[[36m[INFO][0m 2025-12-31T20:30:12.758Z: Testing password validation
[32m[SUCCESS][0m 2025-12-31T20:30:12.768Z: Password validation tests passed
]]>
</system-out>
</testcase>
<testcase name="Data Validation Tests › validate quantity format" classname="dataValidation.spec.js" time="0.107">
<system-out>
<![CDATA[[36m[INFO][0m 2025-12-31T20:30:12.813Z: Testing quantity validation
[32m[SUCCESS][0m 2025-12-31T20:30:12.905Z: Quantity validation tests passed
]]>
</system-out>
</testcase>
</testsuite>
<testsuite name="ecommerce.spec.js" timestamp="2025-12-31T20:29:57.513Z" hostname="firefox" tests="1" failures="0" skipped="0" time="18.095" errors="0">
<testcase name="Ecommerce flow: add, search, cart, shipping, payment, success" classname="ecommerce.spec.js" time="18.095">
<system-out>
<![CDATA[[36m[INFO][0m 2025-12-31T20:30:19.243Z: Setting up practiceSitePage fixture
[36m[INFO][0m 2025-12-31T20:30:19.245Z: Navigating to https://testerbud.com/
[32m[SUCCESS][0m 2025-12-31T20:30:22.714Z: Homepage loaded successfully
[36m[INFO][0m 2025-12-31T20:30:22.716Z: Starting Ecommerce Flow Test
[32m[SUCCESS][0m 2025-12-31T20:30:22.717Z: Data validation passed
[36m[INFO][0m 2025-12-31T20:30:22.718Z: Selecting practice site at index 4
[36m[INFO][0m 2025-12-31T20:30:22.718Z: Opening practice sites dropdown
[32m[SUCCESS][0m 2025-12-31T20:30:24.705Z: Successfully navigated to practice site 4
[36m[INFO][0m 2025-12-31T20:30:25.477Z: Adding product: Laptop Pro x2
[36m[INFO][0m 2025-12-31T20:30:26.728Z: Adding product: Wireless Mouse x3
[36m[INFO][0m 2025-12-31T20:30:27.950Z: Searching for product: Monitor 4K
[36m[INFO][0m 2025-12-31T20:30:28.074Z: Adding searched product: Monitor 4K x1
[36m[INFO][0m 2025-12-31T20:30:28.453Z: Opening cart modal
[36m[INFO][0m 2025-12-31T20:30:29.148Z: Removing product from cart: Wireless Mouse
[36m[INFO][0m 2025-12-31T20:30:29.505Z: Proceeding to buy
[36m[INFO][0m 2025-12-31T20:30:29.836Z: Filling shipping address
[36m[INFO][0m 2025-12-31T20:30:31.930Z: Filling payment details
[36m[INFO][0m 2025-12-31T20:30:33.315Z: Verifying order success
[32m[SUCCESS][0m 2025-12-31T20:30:33.934Z: Ecommerce flow passed successfully
[36m[INFO][0m 2025-12-31T20:30:33.939Z: Fixture teardown completed
]]>
</system-out>
</testcase>
</testsuite>
<testsuite name="FlightBooking.spec.js" timestamp="2025-12-31T20:29:57.513Z" hostname="firefox" tests="1" failures="0" skipped="0" time="19.056" errors="0">
<testcase name="Flight booking: search, select, pay, success" classname="FlightBooking.spec.js" time="19.056">
<system-out>
<![CDATA[[36m[INFO][0m 2025-12-31T20:30:17.424Z: Setting up practiceSitePage fixture
[36m[INFO][0m 2025-12-31T20:30:17.425Z: Navigating to https://testerbud.com/
[32m[SUCCESS][0m 2025-12-31T20:30:23.745Z: Homepage loaded successfully
[36m[INFO][0m 2025-12-31T20:30:23.747Z: Selecting practice site at index 5
[36m[INFO][0m 2025-12-31T20:30:23.747Z: Opening practice sites dropdown
[32m[SUCCESS][0m 2025-12-31T20:30:28.767Z: Successfully navigated to practice site 5
Page title: Tester Buddy
Body text preview: You need to enable JavaScript to run this app.
[36m[INFO][0m 2025-12-31T20:30:33.697Z: Fixture teardown completed
]]>
</system-out>
</testcase>
</testsuite>
<testsuite name="forgotPassword.spec.js" timestamp="2025-12-31T20:29:57.513Z" hostname="firefox" tests="1" failures="0" skipped="0" time="14.412" errors="0">
<testcase name="Forgot Password Flow" classname="forgotPassword.spec.js" time="14.412">
<system-out>
<![CDATA[[36m[INFO][0m 2025-12-31T20:30:24.148Z: Setting up practiceSitePage fixture
[36m[INFO][0m 2025-12-31T20:30:24.151Z: Navigating to https://testerbud.com/
[32m[SUCCESS][0m 2025-12-31T20:30:28.689Z: Homepage loaded successfully
[36m[INFO][0m 2025-12-31T20:30:28.696Z: Starting Forgot Password Test
[32m[SUCCESS][0m 2025-12-31T20:30:28.699Z: Forgot Password data validation passed
[36m[INFO][0m 2025-12-31T20:30:28.700Z: Selecting practice site at index 2
[36m[INFO][0m 2025-12-31T20:30:28.700Z: Opening practice sites dropdown
[32m[SUCCESS][0m 2025-12-31T20:30:31.298Z: Successfully navigated to practice site 2
[32m[SUCCESS][0m 2025-12-31T20:30:34.623Z: Forgot Password flow passed successfully
[36m[INFO][0m 2025-12-31T20:30:34.626Z: Fixture teardown completed
]]>
</system-out>
</testcase>
</testsuite>
<testsuite name="login.spec.js" timestamp="2025-12-31T20:29:57.513Z" hostname="firefox" tests="1" failures="0" skipped="0" time="15.938" errors="0">
<testcase name="login flow with first practice site" classname="login.spec.js" time="15.938">
<system-out>
<![CDATA[[36m[INFO][0m 2025-12-31T20:30:22.575Z: Setting up practiceSitePage fixture
[36m[INFO][0m 2025-12-31T20:30:22.577Z: Navigating to https://testerbud.com/
[32m[SUCCESS][0m 2025-12-31T20:30:27.680Z: Homepage loaded successfully
[36m[INFO][0m 2025-12-31T20:30:27.682Z: Starting Login Test
[32m[SUCCESS][0m 2025-12-31T20:30:27.683Z: Credentials validation passed
[36m[INFO][0m 2025-12-31T20:30:27.683Z: Selecting first practice site
[36m[INFO][0m 2025-12-31T20:30:27.683Z: Selecting practice site at index 0
[36m[INFO][0m 2025-12-31T20:30:27.684Z: Opening practice sites dropdown
[32m[SUCCESS][0m 2025-12-31T20:30:32.353Z: Successfully navigated to practice site 0
[36m[INFO][0m 2025-12-31T20:30:32.353Z: Attempting login with email: user@premiumbank.com
[35m[DEBUG][0m 2025-12-31T20:30:32.355Z: LoginPage initialized
[36m[INFO][0m 2025-12-31T20:30:32.356Z: Filling email field: user@premiumbank.com
[35m[DEBUG][0m 2025-12-31T20:30:33.085Z: Attempt 1/3: Executing operation
[32m[SUCCESS][0m 2025-12-31T20:30:33.677Z: ✓ Operation succeeded on attempt 1
[36m[INFO][0m 2025-12-31T20:30:33.677Z: Filling password field
[35m[DEBUG][0m 2025-12-31T20:30:33.755Z: Attempt 1/3: Executing operation
[32m[SUCCESS][0m 2025-12-31T20:30:34.230Z: ✓ Operation succeeded on attempt 1
[36m[INFO][0m 2025-12-31T20:30:34.230Z: Clicking sign in button
[35m[DEBUG][0m 2025-12-31T20:30:34.313Z: Attempt 1/3: Executing operation
[32m[SUCCESS][0m 2025-12-31T20:30:34.481Z: ✓ Operation succeeded on attempt 1
[32m[SUCCESS][0m 2025-12-31T20:30:34.481Z: Login action completed
[36m[INFO][0m 2025-12-31T20:30:34.481Z: Verifying welcome message
[36m[INFO][0m 2025-12-31T20:30:34.481Z: Verifying welcome message visibility
[32m[SUCCESS][0m 2025-12-31T20:30:34.527Z: Welcome message is visible: "Login Successful! Welcome to Premium Banking."
[32m[SUCCESS][0m 2025-12-31T20:30:34.531Z: Login test passed successfully
[36m[INFO][0m 2025-12-31T20:30:34.536Z: Fixture teardown completed
]]>
</system-out>
</testcase>
</testsuite>
<testsuite name="registration.spec.js" timestamp="2025-12-31T20:29:57.513Z" hostname="firefox" tests="1" failures="0" skipped="0" time="14.03" errors="0">
<testcase name="Registration Flow with valid data" classname="registration.spec.js" time="14.03">
<system-out>
<![CDATA[[36m[INFO][0m 2025-12-31T20:30:27.913Z: Setting up practiceSitePage fixture
[36m[INFO][0m 2025-12-31T20:30:27.915Z: Navigating to https://testerbud.com/
[32m[SUCCESS][0m 2025-12-31T20:30:31.654Z: Homepage loaded successfully
[36m[INFO][0m 2025-12-31T20:30:31.657Z: Starting Registration Test
[32m[SUCCESS][0m 2025-12-31T20:30:31.658Z: Registration data validation passed
[36m[INFO][0m 2025-12-31T20:30:31.659Z: Selecting Registration practice site
[36m[INFO][0m 2025-12-31T20:30:31.659Z: Selecting practice site at index 3
[36m[INFO][0m 2025-12-31T20:30:31.660Z: Opening practice sites dropdown
[32m[SUCCESS][0m 2025-12-31T20:30:35.443Z: Successfully navigated to practice site 3
[36m[INFO][0m 2025-12-31T20:30:35.443Z: Filling registration form
[36m[INFO][0m 2025-12-31T20:30:36.850Z: Verifying registration success message
[32m[SUCCESS][0m 2025-12-31T20:30:36.874Z: Registration test passed successfully
[36m[INFO][0m 2025-12-31T20:30:36.878Z: Fixture teardown completed
]]>
</system-out>
</testcase>
</testsuite>
<testsuite name="uiPlayground.spec.js" timestamp="2025-12-31T20:29:57.513Z" hostname="firefox" tests="1" failures="0" skipped="0" time="25.799" errors="0">
<testcase name="UI Playground - Explore + Basic + Interactive + Complex + Advanced Elements › verify page heading and interact with all elements" classname="uiPlayground.spec.js" time="25.799">
<system-out>
<![CDATA[[36m[INFO][0m 2025-12-31T20:30:35.780Z: Setting up practiceSitePage fixture
[36m[INFO][0m 2025-12-31T20:30:35.782Z: Navigating to https://testerbud.com/
[32m[SUCCESS][0m 2025-12-31T20:30:42.819Z: Homepage loaded successfully
[36m[INFO][0m 2025-12-31T20:30:42.821Z: Selecting practice site at index 6
[36m[INFO][0m 2025-12-31T20:30:42.821Z: Opening practice sites dropdown
[32m[SUCCESS][0m 2025-12-31T20:30:45.504Z: Successfully navigated to practice site 6
[36m[INFO][0m 2025-12-31T20:30:56.777Z: Fixture teardown completed
]]>
</system-out>
</testcase>
</testsuite>
<testsuite name="webForm.spec.js" timestamp="2025-12-31T20:29:57.513Z" hostname="firefox" tests="1" failures="0" skipped="0" time="7.874" errors="0">
<testcase name="Web Form Automation flow with dummy data" classname="webForm.spec.js" time="7.874">
<system-out>
<![CDATA[[36m[INFO][0m 2025-12-31T20:30:34.898Z: Setting up practiceSitePage fixture
[36m[INFO][0m 2025-12-31T20:30:34.899Z: Navigating to https://testerbud.com/
[32m[SUCCESS][0m 2025-12-31T20:30:38.143Z: Homepage loaded successfully
[36m[INFO][0m 2025-12-31T20:30:38.144Z: Starting Web Form Automation Test
[32m[SUCCESS][0m 2025-12-31T20:30:38.144Z: Form data validation passed
[36m[INFO][0m 2025-12-31T20:30:38.144Z: Selecting second practice site (Web Form Automation)
[36m[INFO][0m 2025-12-31T20:30:38.144Z: Selecting practice site at index 1
[36m[INFO][0m 2025-12-31T20:30:38.144Z: Opening practice sites dropdown
[32m[SUCCESS][0m 2025-12-31T20:30:39.228Z: Successfully navigated to practice site 1
[35m[DEBUG][0m 2025-12-31T20:30:39.229Z: AutomateWebFormPage initialized
[36m[INFO][0m 2025-12-31T20:30:39.229Z: Filling form with test data
[35m[DEBUG][0m 2025-12-31T20:30:39.230Z: Form data validation passed
[36m[INFO][0m 2025-12-31T20:30:39.230Z: Selecting country: India
[35m[DEBUG][0m 2025-12-31T20:30:39.552Z: Attempt 1/3: Executing operation
[32m[SUCCESS][0m 2025-12-31T20:30:39.840Z: ✓ Operation succeeded on attempt 1
[36m[INFO][0m 2025-12-31T20:30:39.840Z: Selecting title: Mr.
[35m[DEBUG][0m 2025-12-31T20:30:39.857Z: Attempt 1/3: Executing operation
[32m[SUCCESS][0m 2025-12-31T20:30:39.913Z: ✓ Operation succeeded on attempt 1
[36m[INFO][0m 2025-12-31T20:30:39.914Z: Filling first name: Marghoob
[35m[DEBUG][0m 2025-12-31T20:30:39.935Z: Attempt 1/3: Executing operation
[32m[SUCCESS][0m 2025-12-31T20:30:40.117Z: ✓ Operation succeeded on attempt 1
[36m[INFO][0m 2025-12-31T20:30:40.117Z: Filling last name: Alam
[35m[DEBUG][0m 2025-12-31T20:30:40.136Z: Attempt 1/3: Executing operation
[32m[SUCCESS][0m 2025-12-31T20:30:40.271Z: ✓ Operation succeeded on attempt 1
[36m[INFO][0m 2025-12-31T20:30:40.272Z: Filling date of birth: 1995-08-15
[35m[DEBUG][0m 2025-12-31T20:30:40.296Z: Attempt 1/3: Executing operation
[32m[SUCCESS][0m 2025-12-31T20:30:40.726Z: ✓ Operation succeeded on attempt 1
[36m[INFO][0m 2025-12-31T20:30:40.726Z: Filling joining date: 01/01/2024
[35m[DEBUG][0m 2025-12-31T20:30:40.759Z: Attempt 1/3: Executing operation
[32m[SUCCESS][0m 2025-12-31T20:30:40.941Z: ✓ Operation succeeded on attempt 1
[36m[INFO][0m 2025-12-31T20:30:40.941Z: Filling email: marghoob@example.com
[35m[DEBUG][0m 2025-12-31T20:30:40.974Z: Attempt 1/3: Executing operation
[32m[SUCCESS][0m 2025-12-31T20:30:41.168Z: ✓ Operation succeeded on attempt 1
[36m[INFO][0m 2025-12-31T20:30:41.168Z: Selecting phone country code: +91
[35m[DEBUG][0m 2025-12-31T20:30:41.192Z: Attempt 1/3: Executing operation
[32m[SUCCESS][0m 2025-12-31T20:30:41.293Z: ✓ Operation succeeded on attempt 1
[36m[INFO][0m 2025-12-31T20:30:41.293Z: Filling phone number: 9876543210
[35m[DEBUG][0m 2025-12-31T20:30:41.314Z: Attempt 1/3: Executing operation
[32m[SUCCESS][0m 2025-12-31T20:30:41.432Z: ✓ Operation succeeded on attempt 1
[36m[INFO][0m 2025-12-31T20:30:41.432Z: Selecting communication method: Phone
[35m[DEBUG][0m 2025-12-31T20:30:41.455Z: Attempt 1/3: Executing operation
[32m[SUCCESS][0m 2025-12-31T20:30:41.586Z: ✓ Operation succeeded on attempt 1
[36m[INFO][0m 2025-12-31T20:30:41.586Z: Clicking submit button
[35m[DEBUG][0m 2025-12-31T20:30:41.612Z: Attempt 1/3: Executing operation
[32m[SUCCESS][0m 2025-12-31T20:30:41.726Z: ✓ Operation succeeded on attempt 1
[32m[SUCCESS][0m 2025-12-31T20:30:41.726Z: Form submitted successfully
[36m[INFO][0m 2025-12-31T20:30:41.727Z: Verifying success message
[36m[INFO][0m 2025-12-31T20:30:41.727Z: Verifying success message visibility
[32m[SUCCESS][0m 2025-12-31T20:30:41.746Z: Success message is visible: "✕Details Successfully Added!Thank you for practicing form automation.We do not store any data. Please avoid entering personal information. Use only dummy data for practicing automation scripts. 😊Go Back to Form"
[32m[SUCCESS][0m 2025-12-31T20:30:41.747Z: Web Form test passed successfully
[36m[INFO][0m 2025-12-31T20:30:41.748Z: Fixture teardown completed
]]>
</system-out>
</testcase>
</testsuite>
<testsuite name="dataValidation.spec.js" timestamp="2025-12-31T20:29:57.513Z" hostname="webkit" tests="11" failures="0" skipped="0" time="0.218" errors="0">
<testcase name="Data Validation Tests › validate form test data" classname="dataValidation.spec.js" time="0.037">
<system-out>
<![CDATA[[36m[INFO][0m 2025-12-31T20:30:40.102Z: Running form data validation test
[32m[SUCCESS][0m 2025-12-31T20:30:40.105Z: Form data validation passed
]]>
</system-out>
</testcase>
<testcase name="Data Validation Tests › validate login credentials" classname="dataValidation.spec.js" time="0.019">
<system-out>
<![CDATA[[36m[INFO][0m 2025-12-31T20:30:40.189Z: Running credentials validation test
[32m[SUCCESS][0m 2025-12-31T20:30:40.190Z: Credentials validation passed
]]>
</system-out>
</testcase>
<testcase name="Data Validation Tests › validate address fields" classname="dataValidation.spec.js" time="0.027">
<system-out>
<![CDATA[[36m[INFO][0m 2025-12-31T20:30:40.296Z: Running address validation test
[32m[SUCCESS][0m 2025-12-31T20:30:40.298Z: Address validation passed
]]>
</system-out>
</testcase>
<testcase name="Data Validation Tests › validate payment details" classname="dataValidation.spec.js" time="0.014">
<system-out>
<![CDATA[[36m[INFO][0m 2025-12-31T20:30:40.366Z: Running payment validation test
[32m[SUCCESS][0m 2025-12-31T20:30:40.367Z: Payment validation passed
]]>
</system-out>
</testcase>
<testcase name="Data Validation Tests › validate individual form fields" classname="dataValidation.spec.js" time="0.017">
<system-out>
<![CDATA[[36m[INFO][0m 2025-12-31T20:30:40.422Z: Running individual field validation tests
[35m[DEBUG][0m 2025-12-31T20:30:40.425Z: Email validation passed
[35m[DEBUG][0m 2025-12-31T20:30:40.427Z: First name validation passed
[35m[DEBUG][0m 2025-12-31T20:30:40.429Z: Last name validation passed
[35m[DEBUG][0m 2025-12-31T20:30:40.432Z: DOB validation passed
[35m[DEBUG][0m 2025-12-31T20:30:40.434Z: Phone number validation passed
[32m[SUCCESS][0m 2025-12-31T20:30:40.434Z: All field validations passed
]]>
</system-out>
</testcase>
<testcase name="Data Validation Tests › validate email format" classname="dataValidation.spec.js" time="0.03">
<system-out>
<![CDATA[[36m[INFO][0m 2025-12-31T20:30:40.497Z: Testing email validation
[32m[SUCCESS][0m 2025-12-31T20:30:40.505Z: Email validation tests passed
]]>
</system-out>
</testcase>
<testcase name="Data Validation Tests › validate phone number format" classname="dataValidation.spec.js" time="0.021">
<system-out>
<![CDATA[[36m[INFO][0m 2025-12-31T20:30:40.574Z: Testing phone number validation
[32m[SUCCESS][0m 2025-12-31T20:30:40.581Z: Phone number validation tests passed
]]>
</system-out>
</testcase>
<testcase name="Data Validation Tests › validate date format" classname="dataValidation.spec.js" time="0.012">
<system-out>
<![CDATA[[36m[INFO][0m 2025-12-31T20:30:40.660Z: Testing date validation
[32m[SUCCESS][0m 2025-12-31T20:30:40.666Z: Date validation tests passed
]]>
</system-out>
</testcase>
<testcase name="Data Validation Tests › validate name format" classname="dataValidation.spec.js" time="0.013">
<system-out>
<![CDATA[[36m[INFO][0m 2025-12-31T20:30:40.713Z: Testing name validation
[32m[SUCCESS][0m 2025-12-31T20:30:40.722Z: Name validation tests passed
]]>
</system-out>
</testcase>
<testcase name="Data Validation Tests › validate password format" classname="dataValidation.spec.js" time="0.012">
<system-out>
<![CDATA[[36m[INFO][0m 2025-12-31T20:30:40.777Z: Testing password validation
[32m[SUCCESS][0m 2025-12-31T20:30:40.785Z: Password validation tests passed
]]>
</system-out>
</testcase>
<testcase name="Data Validation Tests › validate quantity format" classname="dataValidation.spec.js" time="0.016">
<system-out>
<![CDATA[[36m[INFO][0m 2025-12-31T20:30:40.834Z: Testing quantity validation
[32m[SUCCESS][0m 2025-12-31T20:30:40.842Z: Quantity validation tests passed
]]>
</system-out>
</testcase>
</testsuite>
<testsuite name="ecommerce.spec.js" timestamp="2025-12-31T20:29:57.513Z" hostname="webkit" tests="1" failures="0" skipped="0" time="22.195" errors="0">
<testcase name="Ecommerce flow: add, search, cart, shipping, payment, success" classname="ecommerce.spec.js" time="22.195">
<system-out>
<![CDATA[[36m[INFO][0m 2025-12-31T20:30:41.050Z: Setting up practiceSitePage fixture
[36m[INFO][0m 2025-12-31T20:30:41.052Z: Navigating to https://testerbud.com/
[32m[SUCCESS][0m 2025-12-31T20:30:45.800Z: Homepage loaded successfully
[36m[INFO][0m 2025-12-31T20:30:45.802Z: Starting Ecommerce Flow Test
[32m[SUCCESS][0m 2025-12-31T20:30:45.804Z: Data validation passed
[36m[INFO][0m 2025-12-31T20:30:45.804Z: Selecting practice site at index 4
[36m[INFO][0m 2025-12-31T20:30:45.804Z: Opening practice sites dropdown
[32m[SUCCESS][0m 2025-12-31T20:30:48.909Z: Successfully navigated to practice site 4
[36m[INFO][0m 2025-12-31T20:30:49.132Z: Adding product: Laptop Pro x2
[36m[INFO][0m 2025-12-31T20:30:50.005Z: Adding product: Wireless Mouse x3
[36m[INFO][0m 2025-12-31T20:30:50.832Z: Searching for product: Monitor 4K
[36m[INFO][0m 2025-12-31T20:30:50.888Z: Adding searched product: Monitor 4K x1
[36m[INFO][0m 2025-12-31T20:30:51.542Z: Opening cart modal
[36m[INFO][0m 2025-12-31T20:30:52.502Z: Removing product from cart: Wireless Mouse
[36m[INFO][0m 2025-12-31T20:30:53.049Z: Proceeding to buy
[36m[INFO][0m 2025-12-31T20:30:53.377Z: Filling shipping address
[36m[INFO][0m 2025-12-31T20:30:55.660Z: Filling payment details
[36m[INFO][0m 2025-12-31T20:30:56.598Z: Verifying order success
[32m[SUCCESS][0m 2025-12-31T20:30:57.501Z: Ecommerce flow passed successfully
[36m[INFO][0m 2025-12-31T20:30:57.505Z: Fixture teardown completed
]]>
</system-out>
</testcase>
</testsuite>
<testsuite name="FlightBooking.spec.js" timestamp="2025-12-31T20:29:57.513Z" hostname="webkit" tests="1" failures="0" skipped="0" time="9.549" errors="0">
<testcase name="Flight booking: search, select, pay, success" classname="FlightBooking.spec.js" time="9.549">
<system-out>
<![CDATA[[36m[INFO][0m 2025-12-31T20:30:41.053Z: Setting up practiceSitePage fixture
[36m[INFO][0m 2025-12-31T20:30:41.055Z: Navigating to https://testerbud.com/
[32m[SUCCESS][0m 2025-12-31T20:30:43.770Z: Homepage loaded successfully
[36m[INFO][0m 2025-12-31T20:30:43.773Z: Selecting practice site at index 5
[36m[INFO][0m 2025-12-31T20:30:43.773Z: Opening practice sites dropdown
[32m[SUCCESS][0m 2025-12-31T20:30:44.880Z: Successfully navigated to practice site 5
Page title: Tester Buddy
Body text preview: You need to enable JavaScript to run this app.TesterBud: Dummy Flight Booking Application Learn to automate flight booking processes, including selecting travel options and verifying booking confirmat
[36m[INFO][0m 2025-12-31T20:30:49.394Z: Fixture teardown completed
]]>
</system-out>
</testcase>
</testsuite>
<testsuite name="forgotPassword.spec.js" timestamp="2025-12-31T20:29:57.513Z" hostname="webkit" tests="1" failures="0" skipped="0" time="5.826" errors="0">
<testcase name="Forgot Password Flow" classname="forgotPassword.spec.js" time="5.826">
<system-out>
<![CDATA[[36m[INFO][0m 2025-12-31T20:30:42.183Z: Setting up practiceSitePage fixture
[36m[INFO][0m 2025-12-31T20:30:42.184Z: Navigating to https://testerbud.com/
[32m[SUCCESS][0m 2025-12-31T20:30:44.763Z: Homepage loaded successfully
[36m[INFO][0m 2025-12-31T20:30:44.765Z: Starting Forgot Password Test
[32m[SUCCESS][0m 2025-12-31T20:30:44.765Z: Forgot Password data validation passed
[36m[INFO][0m 2025-12-31T20:30:44.766Z: Selecting practice site at index 2
[36m[INFO][0m 2025-12-31T20:30:44.766Z: Opening practice sites dropdown
[32m[SUCCESS][0m 2025-12-31T20:30:46.113Z: Successfully navigated to practice site 2
[32m[SUCCESS][0m 2025-12-31T20:30:47.458Z: Forgot Password flow passed successfully
[36m[INFO][0m 2025-12-31T20:30:47.460Z: Fixture teardown completed
]]>
</system-out>
</testcase>
</testsuite>
<testsuite name="login.spec.js" timestamp="2025-12-31T20:29:57.513Z" hostname="webkit" tests="1" failures="0" skipped="0" time="8.465" errors="0">
<testcase name="login flow with first practice site" classname="login.spec.js" time="8.465">
<system-out>
<![CDATA[[36m[INFO][0m 2025-12-31T20:30:41.507Z: Setting up practiceSitePage fixture
[36m[INFO][0m 2025-12-31T20:30:41.507Z: Navigating to https://testerbud.com/
[32m[SUCCESS][0m 2025-12-31T20:30:45.620Z: Homepage loaded successfully
[36m[INFO][0m 2025-12-31T20:30:45.622Z: Starting Login Test
[32m[SUCCESS][0m 2025-12-31T20:30:45.622Z: Credentials validation passed
[36m[INFO][0m 2025-12-31T20:30:45.622Z: Selecting first practice site
[36m[INFO][0m 2025-12-31T20:30:45.622Z: Selecting practice site at index 0
[36m[INFO][0m 2025-12-31T20:30:45.622Z: Opening practice sites dropdown
[32m[SUCCESS][0m 2025-12-31T20:30:48.554Z: Successfully navigated to practice site 0
[36m[INFO][0m 2025-12-31T20:30:48.554Z: Attempting login with email: user@premiumbank.com
[35m[DEBUG][0m 2025-12-31T20:30:48.555Z: LoginPage initialized
[36m[INFO][0m 2025-12-31T20:30:48.555Z: Filling email field: user@premiumbank.com
[35m[DEBUG][0m 2025-12-31T20:30:48.640Z: Attempt 1/3: Executing operation
[32m[SUCCESS][0m 2025-12-31T20:30:48.748Z: ✓ Operation succeeded on attempt 1
[36m[INFO][0m 2025-12-31T20:30:48.749Z: Filling password field
[35m[DEBUG][0m 2025-12-31T20:30:48.763Z: Attempt 1/3: Executing operation
[32m[SUCCESS][0m 2025-12-31T20:30:48.868Z: ✓ Operation succeeded on attempt 1
[36m[INFO][0m 2025-12-31T20:30:48.868Z: Clicking sign in button
[35m[DEBUG][0m 2025-12-31T20:30:48.911Z: Attempt 1/3: Executing operation
[32m[SUCCESS][0m 2025-12-31T20:30:49.222Z: ✓ Operation succeeded on attempt 1
[32m[SUCCESS][0m 2025-12-31T20:30:49.222Z: Login action completed
[36m[INFO][0m 2025-12-31T20:30:49.222Z: Verifying welcome message
[36m[INFO][0m 2025-12-31T20:30:49.222Z: Verifying welcome message visibility
[32m[SUCCESS][0m 2025-12-31T20:30:49.243Z: Welcome message is visible: "Login Successful! Welcome to Premium Banking."
[32m[SUCCESS][0m 2025-12-31T20:30:49.244Z: Login test passed successfully
[36m[INFO][0m 2025-12-31T20:30:49.246Z: Fixture teardown completed
]]>
</system-out>
</testcase>
</testsuite>
<testsuite name="registration.spec.js" timestamp="2025-12-31T20:29:57.513Z" hostname="webkit" tests="1" failures="0" skipped="0" time="9.513" errors="0">
<testcase name="Registration Flow with valid data" classname="registration.spec.js" time="9.513">
<system-out>
<![CDATA[[36m[INFO][0m 2025-12-31T20:30:45.323Z: Setting up practiceSitePage fixture
[36m[INFO][0m 2025-12-31T20:30:45.324Z: Navigating to https://testerbud.com/
[32m[SUCCESS][0m 2025-12-31T20:30:50.609Z: Homepage loaded successfully
[36m[INFO][0m 2025-12-31T20:30:50.610Z: Starting Registration Test
[32m[SUCCESS][0m 2025-12-31T20:30:50.610Z: Registration data validation passed
[36m[INFO][0m 2025-12-31T20:30:50.610Z: Selecting Registration practice site
[36m[INFO][0m 2025-12-31T20:30:50.611Z: Selecting practice site at index 3
[36m[INFO][0m 2025-12-31T20:30:50.611Z: Opening practice sites dropdown
[32m[SUCCESS][0m 2025-12-31T20:30:53.490Z: Successfully navigated to practice site 3
[36m[INFO][0m 2025-12-31T20:30:53.490Z: Filling registration form
[36m[INFO][0m 2025-12-31T20:30:53.990Z: Verifying registration success message
[32m[SUCCESS][0m 2025-12-31T20:30:54.003Z: Registration test passed successfully
[36m[INFO][0m 2025-12-31T20:30:54.005Z: Fixture teardown completed
]]>
</system-out>
</testcase>
</testsuite>
<testsuite name="uiPlayground.spec.js" timestamp="2025-12-31T20:29:57.513Z" hostname="webkit" tests="1" failures="0" skipped="0" time="17.521" errors="0">
<testcase name="UI Playground - Explore + Basic + Interactive + Complex + Advanced Elements › verify page heading and interact with all elements" classname="uiPlayground.spec.js" time="17.521">
<system-out>
<![CDATA[[36m[INFO][0m 2025-12-31T20:30:47.990Z: Setting up practiceSitePage fixture
[36m[INFO][0m 2025-12-31T20:30:47.990Z: Navigating to https://testerbud.com/
[32m[SUCCESS][0m 2025-12-31T20:30:50.994Z: Homepage loaded successfully
[36m[INFO][0m 2025-12-31T20:30:50.995Z: Selecting practice site at index 6
[36m[INFO][0m 2025-12-31T20:30:50.995Z: Opening practice sites dropdown
[32m[SUCCESS][0m 2025-12-31T20:30:52.258Z: Successfully navigated to practice site 6
[36m[INFO][0m 2025-12-31T20:31:05.066Z: Fixture teardown completed
]]>
</system-out>
</testcase>
</testsuite>
<testsuite name="webForm.spec.js" timestamp="2025-12-31T20:29:57.513Z" hostname="webkit" tests="1" failures="0" skipped="0" time="9.515" errors="0">
<testcase name="Web Form Automation flow with dummy data" classname="webForm.spec.js" time="9.515">
<system-out>
<![CDATA[[36m[INFO][0m 2025-12-31T20:30:49.877Z: Setting up practiceSitePage fixture
[36m[INFO][0m 2025-12-31T20:30:49.877Z: Navigating to https://testerbud.com/
[32m[SUCCESS][0m 2025-12-31T20:30:54.160Z: Homepage loaded successfully
[36m[INFO][0m 2025-12-31T20:30:54.161Z: Starting Web Form Automation Test
[32m[SUCCESS][0m 2025-12-31T20:30:54.161Z: Form data validation passed
[36m[INFO][0m 2025-12-31T20:30:54.162Z: Selecting second practice site (Web Form Automation)
[36m[INFO][0m 2025-12-31T20:30:54.162Z: Selecting practice site at index 1
[36m[INFO][0m 2025-12-31T20:30:54.162Z: Opening practice sites dropdown
[32m[SUCCESS][0m 2025-12-31T20:30:56.864Z: Successfully navigated to practice site 1
[35m[DEBUG][0m 2025-12-31T20:30:56.865Z: AutomateWebFormPage initialized
[36m[INFO][0m 2025-12-31T20:30:56.865Z: Filling form with test data
[35m[DEBUG][0m 2025-12-31T20:30:56.867Z: Form data validation passed
[36m[INFO][0m 2025-12-31T20:30:56.867Z: Selecting country: India
[35m[DEBUG][0m 2025-12-31T20:30:57.027Z: Attempt 1/3: Executing operation
[32m[SUCCESS][0m 2025-12-31T20:30:57.083Z: ✓ Operation succeeded on attempt 1
[36m[INFO][0m 2025-12-31T20:30:57.083Z: Selecting title: Mr.
[35m[DEBUG][0m 2025-12-31T20:30:57.102Z: Attempt 1/3: Executing operation
[32m[SUCCESS][0m 2025-12-31T20:30:57.150Z: ✓ Operation succeeded on attempt 1
[36m[INFO][0m 2025-12-31T20:30:57.150Z: Filling first name: Marghoob
[35m[DEBUG][0m 2025-12-31T20:30:57.164Z: Attempt 1/3: Executing operation
[32m[SUCCESS][0m 2025-12-31T20:30:57.251Z: ✓ Operation succeeded on attempt 1
[36m[INFO][0m 2025-12-31T20:30:57.251Z: Filling last name: Alam
[35m[DEBUG][0m 2025-12-31T20:30:57.271Z: Attempt 1/3: Executing operation
[32m[SUCCESS][0m 2025-12-31T20:30:57.349Z: ✓ Operation succeeded on attempt 1
[36m[INFO][0m 2025-12-31T20:30:57.349Z: Filling date of birth: 1995-08-15
[35m[DEBUG][0m 2025-12-31T20:30:57.361Z: Attempt 1/3: Executing operation
[32m[SUCCESS][0m 2025-12-31T20:30:57.636Z: ✓ Operation succeeded on attempt 1
[36m[INFO][0m 2025-12-31T20:30:57.636Z: Filling joining date: 01/01/2024
[35m[DEBUG][0m 2025-12-31T20:30:57.645Z: Attempt 1/3: Executing operation
[32m[SUCCESS][0m 2025-12-31T20:30:57.773Z: ✓ Operation succeeded on attempt 1
[36m[INFO][0m 2025-12-31T20:30:57.773Z: Filling email: marghoob@example.com
[35m[DEBUG][0m 2025-12-31T20:30:57.799Z: Attempt 1/3: Executing operation
[32m[SUCCESS][0m 2025-12-31T20:30:57.928Z: ✓ Operation succeeded on attempt 1
[36m[INFO][0m 2025-12-31T20:30:57.928Z: Selecting phone country code: +91
[35m[DEBUG][0m 2025-12-31T20:30:57.954Z: Attempt 1/3: Executing operation
[32m[SUCCESS][0m 2025-12-31T20:30:58.014Z: ✓ Operation succeeded on attempt 1
[36m[INFO][0m 2025-12-31T20:30:58.014Z: Filling phone number: 9876543210
[35m[DEBUG][0m 2025-12-31T20:30:58.025Z: Attempt 1/3: Executing operation
[32m[SUCCESS][0m 2025-12-31T20:30:58.157Z: ✓ Operation succeeded on attempt 1
[36m[INFO][0m 2025-12-31T20:30:58.158Z: Selecting communication method: Phone
[35m[DEBUG][0m 2025-12-31T20:30:58.167Z: Attempt 1/3: Executing operation
[32m[SUCCESS][0m 2025-12-31T20:30:58.450Z: ✓ Operation succeeded on attempt 1
[36m[INFO][0m 2025-12-31T20:30:58.450Z: Clicking submit button
[35m[DEBUG][0m 2025-12-31T20:30:58.470Z: Attempt 1/3: Executing operation
[32m[SUCCESS][0m 2025-12-31T20:30:58.808Z: ✓ Operation succeeded on attempt 1
[32m[SUCCESS][0m 2025-12-31T20:30:58.808Z: Form submitted successfully
[36m[INFO][0m 2025-12-31T20:30:58.808Z: Verifying success message
[36m[INFO][0m 2025-12-31T20:30:58.808Z: Verifying success message visibility
[32m[SUCCESS][0m 2025-12-31T20:30:58.825Z: Success message is visible: "✕Details Successfully Added!Thank you for practicing form automation.We do not store any data. Please avoid entering personal information. Use only dummy data for practicing automation scripts. 😊Go Back to Form"
[32m[SUCCESS][0m 2025-12-31T20:30:58.826Z: Web Form test passed successfully
[36m[INFO][0m 2025-12-31T20:30:58.827Z: Fixture teardown completed
]]>
</system-out>
</testcase>
</testsuite>
</testsuites>