<testsuites id="" name="" tests="16" failures="0" skipped="0" errors="0" time="22.596680999999997">
<testsuite name="dataValidation.spec.js" timestamp="2025-12-27T18:29:54.624Z" hostname="chromium" tests="11" failures="0" skipped="0" time="0.192" errors="0">
<testcase name="Data Validation Tests › validate form test data" classname="dataValidation.spec.js" time="0.026">
<system-out>
<![CDATA[[36m[INFO][0m 2025-12-27T18:29:56.157Z: Running form data validation test
[32m[SUCCESS][0m 2025-12-27T18:29:56.160Z: Form data validation passed
]]>
</system-out>
</testcase>
<testcase name="Data Validation Tests › validate login credentials" classname="dataValidation.spec.js" time="0.02">
<system-out>
<![CDATA[[36m[INFO][0m 2025-12-27T18:29:56.111Z: Running credentials validation test
[32m[SUCCESS][0m 2025-12-27T18:29:56.113Z: Credentials validation passed
]]>
</system-out>
</testcase>
<testcase name="Data Validation Tests › validate address fields" classname="dataValidation.spec.js" time="0.018">
<system-out>
<![CDATA[[36m[INFO][0m 2025-12-27T18:29:56.081Z: Running address validation test
[32m[SUCCESS][0m 2025-12-27T18:29:56.083Z: Address validation passed
]]>
</system-out>
</testcase>
<testcase name="Data Validation Tests › validate payment details" classname="dataValidation.spec.js" time="0.018">
<system-out>
<![CDATA[[36m[INFO][0m 2025-12-27T18:29:56.066Z: Running payment validation test
[32m[SUCCESS][0m 2025-12-27T18:29:56.068Z: Payment validation passed
]]>
</system-out>
</testcase>
<testcase name="Data Validation Tests › validate individual form fields" classname="dataValidation.spec.js" time="0.024">
<system-out>
<![CDATA[[36m[INFO][0m 2025-12-27T18:29:56.117Z: Running individual field validation tests
[35m[DEBUG][0m 2025-12-27T18:29:56.125Z: Email validation passed
[35m[DEBUG][0m 2025-12-27T18:29:56.127Z: First name validation passed
[35m[DEBUG][0m 2025-12-27T18:29:56.129Z: Last name validation passed
[35m[DEBUG][0m 2025-12-27T18:29:56.130Z: DOB validation passed
[35m[DEBUG][0m 2025-12-27T18:29:56.132Z: Phone number validation passed
[32m[SUCCESS][0m 2025-12-27T18:29:56.132Z: All field validations passed
]]>
</system-out>
</testcase>
<testcase name="Data Validation Tests › validate email format" classname="dataValidation.spec.js" time="0.029">
<system-out>
<![CDATA[[36m[INFO][0m 2025-12-27T18:29:56.145Z: Testing email validation
[32m[SUCCESS][0m 2025-12-27T18:29:56.165Z: Email validation tests passed
]]>
</system-out>
</testcase>
<testcase name="Data Validation Tests › validate phone number format" classname="dataValidation.spec.js" time="0.008">
<system-out>
<![CDATA[[36m[INFO][0m 2025-12-27T18:29:56.111Z: Testing phone number validation
[32m[SUCCESS][0m 2025-12-27T18:29:56.115Z: Phone number validation tests passed
]]>
</system-out>
</testcase>
<testcase name="Data Validation Tests › validate date format" classname="dataValidation.spec.js" time="0.011">
<system-out>
<![CDATA[[36m[INFO][0m 2025-12-27T18:29:56.131Z: Testing date validation
[32m[SUCCESS][0m 2025-12-27T18:29:56.138Z: Date validation tests passed
]]>
</system-out>
</testcase>
<testcase name="Data Validation Tests › validate name format" classname="dataValidation.spec.js" time="0.015">
<system-out>
<![CDATA[[36m[INFO][0m 2025-12-27T18:29:56.149Z: Testing name validation
[32m[SUCCESS][0m 2025-12-27T18:29:56.160Z: Name validation tests passed
]]>
</system-out>
</testcase>
<testcase name="Data Validation Tests › validate password format" classname="dataValidation.spec.js" time="0.013">
<system-out>
<![CDATA[[36m[INFO][0m 2025-12-27T18:29:56.167Z: Testing password validation
[32m[SUCCESS][0m 2025-12-27T18:29:56.175Z: Password validation tests passed
]]>
</system-out>
</testcase>
<testcase name="Data Validation Tests › validate quantity format" classname="dataValidation.spec.js" time="0.01">
<system-out>
<![CDATA[[36m[INFO][0m 2025-12-27T18:29:56.174Z: Testing quantity validation
[32m[SUCCESS][0m 2025-12-27T18:29:56.180Z: Quantity validation tests passed
]]>
</system-out>
</testcase>
</testsuite>
<testsuite name="ecommerce.spec.js" timestamp="2025-12-27T18:29:54.624Z" hostname="chromium" tests="1" failures="0" skipped="0" time="20.619" errors="0">
<testcase name="Ecommerce flow: add, search, cart, shipping, payment, success" classname="ecommerce.spec.js" time="20.619">
<system-out>
<![CDATA[[36m[INFO][0m 2025-12-27T18:29:56.754Z: Setting up practiceSitePage fixture
[36m[INFO][0m 2025-12-27T18:29:56.754Z: Navigating to https://testerbud.com/
[32m[SUCCESS][0m 2025-12-27T18:30:08.135Z: Homepage loaded successfully
[36m[INFO][0m 2025-12-27T18:30:08.137Z: Starting Ecommerce Flow Test
[32m[SUCCESS][0m 2025-12-27T18:30:08.138Z: Data validation passed
[36m[INFO][0m 2025-12-27T18:30:08.138Z: Selecting practice site at index 4
[36m[INFO][0m 2025-12-27T18:30:08.138Z: Opening practice sites dropdown
[32m[SUCCESS][0m 2025-12-27T18:30:13.858Z: Successfully navigated to practice site 4
[36m[INFO][0m 2025-12-27T18:30:13.979Z: Adding product: Laptop Pro x2
[36m[INFO][0m 2025-12-27T18:30:14.094Z: Adding product: Wireless Mouse x3
[36m[INFO][0m 2025-12-27T18:30:14.211Z: Searching for product: Monitor 4K
[36m[INFO][0m 2025-12-27T18:30:14.231Z: Adding searched product: Monitor 4K x1
[36m[INFO][0m 2025-12-27T18:30:14.358Z: Opening cart modal
[36m[INFO][0m 2025-12-27T18:30:14.835Z: Removing product from cart: Wireless Mouse
[36m[INFO][0m 2025-12-27T18:30:15.222Z: Proceeding to buy
[36m[INFO][0m 2025-12-27T18:30:15.325Z: Filling shipping address
[36m[INFO][0m 2025-12-27T18:30:15.731Z: Filling payment details
[36m[INFO][0m 2025-12-27T18:30:16.340Z: Verifying order success
[32m[SUCCESS][0m 2025-12-27T18:30:16.693Z: Ecommerce flow passed successfully
[36m[INFO][0m 2025-12-27T18:30:16.695Z: Fixture teardown completed
]]>
</system-out>
</testcase>
</testsuite>
<testsuite name="forgotPassword.spec.js" timestamp="2025-12-27T18:29:54.624Z" hostname="chromium" tests="1" failures="0" skipped="0" time="18.414" errors="0">
<testcase name="Forgot Password Flow" classname="forgotPassword.spec.js" time="18.414">
<system-out>
<![CDATA[[36m[INFO][0m 2025-12-27T18:29:56.726Z: Setting up practiceSitePage fixture
[36m[INFO][0m 2025-12-27T18:29:56.726Z: Navigating to https://testerbud.com/
[32m[SUCCESS][0m 2025-12-27T18:30:05.829Z: Homepage loaded successfully
[36m[INFO][0m 2025-12-27T18:30:05.830Z: Starting Forgot Password Test
[32m[SUCCESS][0m 2025-12-27T18:30:05.831Z: Forgot Password data validation passed
[36m[INFO][0m 2025-12-27T18:30:05.831Z: Selecting practice site at index 2
[36m[INFO][0m 2025-12-27T18:30:05.831Z: Opening practice sites dropdown
[32m[SUCCESS][0m 2025-12-27T18:30:11.741Z: Successfully navigated to practice site 2
[32m[SUCCESS][0m 2025-12-27T18:30:14.567Z: Forgot Password flow passed successfully
[36m[INFO][0m 2025-12-27T18:30:14.568Z: Fixture teardown completed
]]>
</system-out>
</testcase>
</testsuite>
<testsuite name="login.spec.js" timestamp="2025-12-27T18:29:54.624Z" hostname="chromium" tests="1" failures="0" skipped="0" time="13.127" errors="0">
<testcase name="login flow with first practice site" classname="login.spec.js" time="13.127">
<system-out>
<![CDATA[[36m[INFO][0m 2025-12-27T18:29:56.667Z: Setting up practiceSitePage fixture
[36m[INFO][0m 2025-12-27T18:29:56.667Z: Navigating to https://testerbud.com/
[32m[SUCCESS][0m 2025-12-27T18:30:02.868Z: Homepage loaded successfully
[36m[INFO][0m 2025-12-27T18:30:02.869Z: Starting Login Test
[32m[SUCCESS][0m 2025-12-27T18:30:02.870Z: Credentials validation passed
[36m[INFO][0m 2025-12-27T18:30:02.870Z: Selecting first practice site
[36m[INFO][0m 2025-12-27T18:30:02.870Z: Selecting practice site at index 0
[36m[INFO][0m 2025-12-27T18:30:02.870Z: Opening practice sites dropdown
[32m[SUCCESS][0m 2025-12-27T18:30:07.617Z: Successfully navigated to practice site 0
[36m[INFO][0m 2025-12-27T18:30:07.617Z: Attempting login with email: user@premiumbank.com
[35m[DEBUG][0m 2025-12-27T18:30:07.618Z: LoginPage initialized
[36m[INFO][0m 2025-12-27T18:30:07.619Z: Filling email field: user@premiumbank.com
[35m[DEBUG][0m 2025-12-27T18:30:07.699Z: Attempt 1/3: Executing operation
[32m[SUCCESS][0m 2025-12-27T18:30:07.751Z: ✓ Operation succeeded on attempt 1
[36m[INFO][0m 2025-12-27T18:30:07.751Z: Filling password field
[35m[DEBUG][0m 2025-12-27T18:30:07.756Z: Attempt 1/3: Executing operation
[32m[SUCCESS][0m 2025-12-27T18:30:07.800Z: ✓ Operation succeeded on attempt 1
[36m[INFO][0m 2025-12-27T18:30:07.800Z: Clicking sign in button
[35m[DEBUG][0m 2025-12-27T18:30:07.815Z: Attempt 1/3: Executing operation
[32m[SUCCESS][0m 2025-12-27T18:30:09.265Z: ✓ Operation succeeded on attempt 1
[32m[SUCCESS][0m 2025-12-27T18:30:09.265Z: Login action completed
[36m[INFO][0m 2025-12-27T18:30:09.265Z: Verifying welcome message
[36m[INFO][0m 2025-12-27T18:30:09.265Z: Verifying welcome message visibility
[32m[SUCCESS][0m 2025-12-27T18:30:09.294Z: Welcome message is visible: "Login Successful! Welcome to Premium Banking."
[32m[SUCCESS][0m 2025-12-27T18:30:09.296Z: Login test passed successfully
[36m[INFO][0m 2025-12-27T18:30:09.297Z: Fixture teardown completed
]]>
</system-out>
</testcase>
</testsuite>
<testsuite name="registration.spec.js" timestamp="2025-12-27T18:29:54.624Z" hostname="chromium" tests="1" failures="0" skipped="0" time="15.701" errors="0">
<testcase name="Registration Flow with valid data" classname="registration.spec.js" time="15.701">
<system-out>
<![CDATA[[36m[INFO][0m 2025-12-27T18:29:56.731Z: Setting up practiceSitePage fixture
[36m[INFO][0m 2025-12-27T18:29:56.732Z: Navigating to https://testerbud.com/
[32m[SUCCESS][0m 2025-12-27T18:30:08.593Z: Homepage loaded successfully
[36m[INFO][0m 2025-12-27T18:30:08.594Z: Starting Registration Test
[32m[SUCCESS][0m 2025-12-27T18:30:08.595Z: Registration data validation passed
[36m[INFO][0m 2025-12-27T18:30:08.595Z: Selecting Registration practice site
[36m[INFO][0m 2025-12-27T18:30:08.595Z: Selecting practice site at index 3
[36m[INFO][0m 2025-12-27T18:30:08.596Z: Opening practice sites dropdown
[32m[SUCCESS][0m 2025-12-27T18:30:10.344Z: Successfully navigated to practice site 3
[36m[INFO][0m 2025-12-27T18:30:10.345Z: Filling registration form
[36m[INFO][0m 2025-12-27T18:30:11.915Z: Verifying registration success message
[32m[SUCCESS][0m 2025-12-27T18:30:11.926Z: Registration test passed successfully
[36m[INFO][0m 2025-12-27T18:30:11.927Z: Fixture teardown completed
]]>
</system-out>
</testcase>
</testsuite>
<testsuite name="webForm.spec.js" timestamp="2025-12-27T18:29:54.624Z" hostname="chromium" tests="1" failures="0" skipped="0" time="11.918" errors="0">
<testcase name="Web Form Automation flow with dummy data" classname="webForm.spec.js" time="11.918">
<system-out>
<![CDATA[[36m[INFO][0m 2025-12-27T18:29:56.662Z: Setting up practiceSitePage fixture
[36m[INFO][0m 2025-12-27T18:29:56.663Z: Navigating to https://testerbud.com/
[32m[SUCCESS][0m 2025-12-27T18:30:02.063Z: Homepage loaded successfully
[36m[INFO][0m 2025-12-27T18:30:02.064Z: Starting Web Form Automation Test
[32m[SUCCESS][0m 2025-12-27T18:30:02.065Z: Form data validation passed
[36m[INFO][0m 2025-12-27T18:30:02.065Z: Selecting second practice site (Web Form Automation)
[36m[INFO][0m 2025-12-27T18:30:02.065Z: Selecting practice site at index 1
[36m[INFO][0m 2025-12-27T18:30:02.065Z: Opening practice sites dropdown
[32m[SUCCESS][0m 2025-12-27T18:30:05.162Z: Successfully navigated to practice site 1
[35m[DEBUG][0m 2025-12-27T18:30:05.164Z: AutomateWebFormPage initialized
[36m[INFO][0m 2025-12-27T18:30:05.164Z: Filling form with test data
[35m[DEBUG][0m 2025-12-27T18:30:05.164Z: Form data validation passed
[36m[INFO][0m 2025-12-27T18:30:05.165Z: Selecting country: India
[35m[DEBUG][0m 2025-12-27T18:30:05.253Z: Attempt 1/3: Executing operation
[32m[SUCCESS][0m 2025-12-27T18:30:05.293Z: ✓ Operation succeeded on attempt 1
[36m[INFO][0m 2025-12-27T18:30:05.293Z: Selecting title: Mr.
[35m[DEBUG][0m 2025-12-27T18:30:05.309Z: Attempt 1/3: Executing operation
[32m[SUCCESS][0m 2025-12-27T18:30:05.351Z: ✓ Operation succeeded on attempt 1
[36m[INFO][0m 2025-12-27T18:30:05.351Z: Filling first name: Marghoob
[35m[DEBUG][0m 2025-12-27T18:30:05.363Z: Attempt 1/3: Executing operation
[32m[SUCCESS][0m 2025-12-27T18:30:05.512Z: ✓ Operation succeeded on attempt 1
[36m[INFO][0m 2025-12-27T18:30:05.512Z: Filling last name: Alam
[35m[DEBUG][0m 2025-12-27T18:30:05.528Z: Attempt 1/3: Executing operation
[32m[SUCCESS][0m 2025-12-27T18:30:05.593Z: ✓ Operation succeeded on attempt 1
[36m[INFO][0m 2025-12-27T18:30:05.594Z: Filling date of birth: 1995-08-15
[35m[DEBUG][0m 2025-12-27T18:30:05.608Z: Attempt 1/3: Executing operation
[32m[SUCCESS][0m 2025-12-27T18:30:05.813Z: ✓ Operation succeeded on attempt 1
[36m[INFO][0m 2025-12-27T18:30:05.814Z: Filling joining date: 01/01/2024
[35m[DEBUG][0m 2025-12-27T18:30:05.826Z: Attempt 1/3: Executing operation
[32m[SUCCESS][0m 2025-12-27T18:30:05.928Z: ✓ Operation succeeded on attempt 1
[36m[INFO][0m 2025-12-27T18:30:05.928Z: Filling email: marghoob@example.com
[35m[DEBUG][0m 2025-12-27T18:30:05.939Z: Attempt 1/3: Executing operation
[32m[SUCCESS][0m 2025-12-27T18:30:06.036Z: ✓ Operation succeeded on attempt 1
[36m[INFO][0m 2025-12-27T18:30:06.037Z: Selecting phone country code: +91
[35m[DEBUG][0m 2025-12-27T18:30:06.043Z: Attempt 1/3: Executing operation
[32m[SUCCESS][0m 2025-12-27T18:30:06.076Z: ✓ Operation succeeded on attempt 1
[36m[INFO][0m 2025-12-27T18:30:06.076Z: Filling phone number: 9876543210
[35m[DEBUG][0m 2025-12-27T18:30:06.085Z: Attempt 1/3: Executing operation
[32m[SUCCESS][0m 2025-12-27T18:30:06.137Z: ✓ Operation succeeded on attempt 1
[36m[INFO][0m 2025-12-27T18:30:06.137Z: Selecting communication method: Phone
[35m[DEBUG][0m 2025-12-27T18:30:06.146Z: Attempt 1/3: Executing operation
[32m[SUCCESS][0m 2025-12-27T18:30:07.124Z: ✓ Operation succeeded on attempt 1
[36m[INFO][0m 2025-12-27T18:30:07.124Z: Clicking submit button
[35m[DEBUG][0m 2025-12-27T18:30:07.147Z: Attempt 1/3: Executing operation
[32m[SUCCESS][0m 2025-12-27T18:30:08.140Z: ✓ Operation succeeded on attempt 1
[32m[SUCCESS][0m 2025-12-27T18:30:08.141Z: Form submitted successfully
[36m[INFO][0m 2025-12-27T18:30:08.141Z: Verifying success message
[36m[INFO][0m 2025-12-27T18:30:08.141Z: Verifying success message visibility
[32m[SUCCESS][0m 2025-12-27T18:30:08.158Z: Success message is visible: "✕Details Successfully Added!Thank you for practicing form automation.We do not store any data. Please avoid entering personal information. Use only dummy data for practicing automation scripts. 😊Go Back to Form"
[32m[SUCCESS][0m 2025-12-27T18:30:08.160Z: Web Form test passed successfully
[36m[INFO][0m 2025-12-27T18:30:08.161Z: Fixture teardown completed
]]>
</system-out>
</testcase>
</testsuite>
</testsuites>