<testsuites id="" name="" tests="48" failures="0" skipped="0" errors="0" time="55.231138">
<testsuite name="dataValidation.spec.js" timestamp="2025-12-28T12:11:29.195Z" hostname="chromium" tests="11" failures="0" skipped="0" time="0.239" errors="0">
<testcase name="Data Validation Tests › validate form test data" classname="dataValidation.spec.js" time="0.021">
<system-out>
<![CDATA[[36m[INFO][0m 2025-12-28T12:11:31.265Z: Running form data validation test
[32m[SUCCESS][0m 2025-12-28T12:11:31.267Z: Form data validation passed
]]>
</system-out>
</testcase>
<testcase name="Data Validation Tests › validate login credentials" classname="dataValidation.spec.js" time="0.025">
<system-out>
<![CDATA[[36m[INFO][0m 2025-12-28T12:11:31.238Z: Running credentials validation test
[32m[SUCCESS][0m 2025-12-28T12:11:31.240Z: Credentials validation passed
]]>
</system-out>
</testcase>
<testcase name="Data Validation Tests › validate address fields" classname="dataValidation.spec.js" time="0.023">
<system-out>
<![CDATA[[36m[INFO][0m 2025-12-28T12:11:31.268Z: Running address validation test
[32m[SUCCESS][0m 2025-12-28T12:11:31.271Z: Address validation passed
]]>
</system-out>
</testcase>
<testcase name="Data Validation Tests › validate payment details" classname="dataValidation.spec.js" time="0.022">
<system-out>
<![CDATA[[36m[INFO][0m 2025-12-28T12:11:31.263Z: Running payment validation test
[32m[SUCCESS][0m 2025-12-28T12:11:31.265Z: Payment validation passed
]]>
</system-out>
</testcase>
<testcase name="Data Validation Tests › validate individual form fields" classname="dataValidation.spec.js" time="0.033">
<system-out>
<![CDATA[[36m[INFO][0m 2025-12-28T12:11:31.304Z: Running individual field validation tests
[35m[DEBUG][0m 2025-12-28T12:11:31.314Z: Email validation passed
[35m[DEBUG][0m 2025-12-28T12:11:31.316Z: First name validation passed
[35m[DEBUG][0m 2025-12-28T12:11:31.317Z: Last name validation passed
[35m[DEBUG][0m 2025-12-28T12:11:31.320Z: DOB validation passed
[35m[DEBUG][0m 2025-12-28T12:11:31.323Z: Phone number validation passed
[32m[SUCCESS][0m 2025-12-28T12:11:31.324Z: All field validations passed
]]>
</system-out>
</testcase>
<testcase name="Data Validation Tests › validate email format" classname="dataValidation.spec.js" time="0.028">
<system-out>
<![CDATA[[36m[INFO][0m 2025-12-28T12:11:31.293Z: Testing email validation
[32m[SUCCESS][0m 2025-12-28T12:11:31.309Z: Email validation tests passed
]]>
</system-out>
</testcase>
<testcase name="Data Validation Tests › validate phone number format" classname="dataValidation.spec.js" time="0.013">
<system-out>
<![CDATA[[36m[INFO][0m 2025-12-28T12:11:31.304Z: Testing phone number validation
[32m[SUCCESS][0m 2025-12-28T12:11:31.311Z: Phone number validation tests passed
]]>
</system-out>
</testcase>
<testcase name="Data Validation Tests › validate date format" classname="dataValidation.spec.js" time="0.015">
<system-out>
<![CDATA[[36m[INFO][0m 2025-12-28T12:11:31.325Z: Testing date validation
[32m[SUCCESS][0m 2025-12-28T12:11:31.334Z: Date validation tests passed
]]>
</system-out>
</testcase>
<testcase name="Data Validation Tests › validate name format" classname="dataValidation.spec.js" time="0.016">
<system-out>
<![CDATA[[36m[INFO][0m 2025-12-28T12:11:31.326Z: Testing name validation
[32m[SUCCESS][0m 2025-12-28T12:11:31.335Z: Name validation tests passed
]]>
</system-out>
</testcase>
<testcase name="Data Validation Tests › validate password format" classname="dataValidation.spec.js" time="0.017">
<system-out>
<![CDATA[[36m[INFO][0m 2025-12-28T12:11:31.332Z: Testing password validation
[32m[SUCCESS][0m 2025-12-28T12:11:31.343Z: Password validation tests passed
]]>
</system-out>
</testcase>
<testcase name="Data Validation Tests › validate quantity format" classname="dataValidation.spec.js" time="0.026">
<system-out>
<![CDATA[[36m[INFO][0m 2025-12-28T12:11:31.360Z: Testing quantity validation
[32m[SUCCESS][0m 2025-12-28T12:11:31.380Z: Quantity validation tests passed
]]>
</system-out>
</testcase>
</testsuite>
<testsuite name="ecommerce.spec.js" timestamp="2025-12-28T12:11:29.195Z" hostname="chromium" tests="1" failures="0" skipped="0" time="19.552" errors="0">
<testcase name="Ecommerce flow: add, search, cart, shipping, payment, success" classname="ecommerce.spec.js" time="19.552">
<system-out>
<![CDATA[[36m[INFO][0m 2025-12-28T12:11:32.143Z: Setting up practiceSitePage fixture
[36m[INFO][0m 2025-12-28T12:11:32.144Z: Navigating to https://testerbud.com/
[32m[SUCCESS][0m 2025-12-28T12:11:42.266Z: Homepage loaded successfully
[36m[INFO][0m 2025-12-28T12:11:42.267Z: Starting Ecommerce Flow Test
[32m[SUCCESS][0m 2025-12-28T12:11:42.267Z: Data validation passed
[36m[INFO][0m 2025-12-28T12:11:42.268Z: Selecting practice site at index 4
[36m[INFO][0m 2025-12-28T12:11:42.268Z: Opening practice sites dropdown
[32m[SUCCESS][0m 2025-12-28T12:11:46.661Z: Successfully navigated to practice site 4
[36m[INFO][0m 2025-12-28T12:11:46.884Z: Adding product: Laptop Pro x2
[36m[INFO][0m 2025-12-28T12:11:47.063Z: Adding product: Wireless Mouse x3
[36m[INFO][0m 2025-12-28T12:11:47.211Z: Searching for product: Monitor 4K
[36m[INFO][0m 2025-12-28T12:11:47.256Z: Adding searched product: Monitor 4K x1
[36m[INFO][0m 2025-12-28T12:11:47.389Z: Opening cart modal
[36m[INFO][0m 2025-12-28T12:11:48.381Z: Removing product from cart: Wireless Mouse
[36m[INFO][0m 2025-12-28T12:11:48.724Z: Proceeding to buy
[36m[INFO][0m 2025-12-28T12:11:48.862Z: Filling shipping address
[36m[INFO][0m 2025-12-28T12:11:49.761Z: Filling payment details
[36m[INFO][0m 2025-12-28T12:11:50.431Z: Verifying order success
[32m[SUCCESS][0m 2025-12-28T12:11:50.738Z: Ecommerce flow passed successfully
[36m[INFO][0m 2025-12-28T12:11:50.740Z: Fixture teardown completed
]]>
</system-out>
</testcase>
</testsuite>
<testsuite name="forgotPassword.spec.js" timestamp="2025-12-28T12:11:29.195Z" hostname="chromium" tests="1" failures="0" skipped="0" time="18.027" errors="0">
<testcase name="Forgot Password Flow" classname="forgotPassword.spec.js" time="18.027">
<system-out>
<![CDATA[[36m[INFO][0m 2025-12-28T12:11:32.141Z: Setting up practiceSitePage fixture
[36m[INFO][0m 2025-12-28T12:11:32.141Z: Navigating to https://testerbud.com/
[32m[SUCCESS][0m 2025-12-28T12:11:44.406Z: Homepage loaded successfully
[36m[INFO][0m 2025-12-28T12:11:44.407Z: Starting Forgot Password Test
[32m[SUCCESS][0m 2025-12-28T12:11:44.408Z: Forgot Password data validation passed
[36m[INFO][0m 2025-12-28T12:11:44.408Z: Selecting practice site at index 2
[36m[INFO][0m 2025-12-28T12:11:44.408Z: Opening practice sites dropdown
[32m[SUCCESS][0m 2025-12-28T12:11:48.348Z: Successfully navigated to practice site 2
[32m[SUCCESS][0m 2025-12-28T12:11:49.343Z: Forgot Password flow passed successfully
[36m[INFO][0m 2025-12-28T12:11:49.346Z: Fixture teardown completed
]]>
</system-out>
</testcase>
</testsuite>
<testsuite name="login.spec.js" timestamp="2025-12-28T12:11:29.195Z" hostname="chromium" tests="1" failures="0" skipped="0" time="23.638" errors="0">
<testcase name="login flow with first practice site" classname="login.spec.js" time="23.638">
<system-out>
<![CDATA[[36m[INFO][0m 2025-12-28T12:11:32.073Z: Setting up practiceSitePage fixture
[36m[INFO][0m 2025-12-28T12:11:32.073Z: Navigating to https://testerbud.com/
[32m[SUCCESS][0m 2025-12-28T12:11:46.327Z: Homepage loaded successfully
[36m[INFO][0m 2025-12-28T12:11:46.328Z: Starting Login Test
[32m[SUCCESS][0m 2025-12-28T12:11:46.328Z: Credentials validation passed
[36m[INFO][0m 2025-12-28T12:11:46.329Z: Selecting first practice site
[36m[INFO][0m 2025-12-28T12:11:46.329Z: Selecting practice site at index 0
[36m[INFO][0m 2025-12-28T12:11:46.329Z: Opening practice sites dropdown
[32m[SUCCESS][0m 2025-12-28T12:11:52.712Z: Successfully navigated to practice site 0
[36m[INFO][0m 2025-12-28T12:11:52.713Z: Attempting login with email: user@premiumbank.com
[35m[DEBUG][0m 2025-12-28T12:11:52.714Z: LoginPage initialized
[36m[INFO][0m 2025-12-28T12:11:52.714Z: Filling email field: user@premiumbank.com
[35m[DEBUG][0m 2025-12-28T12:11:52.850Z: Attempt 1/3: Executing operation
[32m[SUCCESS][0m 2025-12-28T12:11:52.988Z: ✓ Operation succeeded on attempt 1
[36m[INFO][0m 2025-12-28T12:11:52.989Z: Filling password field
[35m[DEBUG][0m 2025-12-28T12:11:53.003Z: Attempt 1/3: Executing operation
[32m[SUCCESS][0m 2025-12-28T12:11:53.121Z: ✓ Operation succeeded on attempt 1
[36m[INFO][0m 2025-12-28T12:11:53.121Z: Clicking sign in button
[35m[DEBUG][0m 2025-12-28T12:11:53.150Z: Attempt 1/3: Executing operation
[32m[SUCCESS][0m 2025-12-28T12:11:54.736Z: ✓ Operation succeeded on attempt 1
[32m[SUCCESS][0m 2025-12-28T12:11:54.736Z: Login action completed
[36m[INFO][0m 2025-12-28T12:11:54.737Z: Verifying welcome message
[36m[INFO][0m 2025-12-28T12:11:54.737Z: Verifying welcome message visibility
[32m[SUCCESS][0m 2025-12-28T12:11:54.768Z: Welcome message is visible: "Login Successful! Welcome to Premium Banking."
[32m[SUCCESS][0m 2025-12-28T12:11:54.770Z: Login test passed successfully
[36m[INFO][0m 2025-12-28T12:11:54.773Z: Fixture teardown completed
]]>
</system-out>
</testcase>
</testsuite>
<testsuite name="registration.spec.js" timestamp="2025-12-28T12:11:29.195Z" hostname="chromium" tests="1" failures="0" skipped="0" time="19.164" errors="0">
<testcase name="Registration Flow with valid data" classname="registration.spec.js" time="19.164">
<system-out>
<![CDATA[[36m[INFO][0m 2025-12-28T12:11:32.082Z: Setting up practiceSitePage fixture
[36m[INFO][0m 2025-12-28T12:11:32.082Z: Navigating to https://testerbud.com/
[32m[SUCCESS][0m 2025-12-28T12:11:44.573Z: Homepage loaded successfully
[36m[INFO][0m 2025-12-28T12:11:44.575Z: Starting Registration Test
[32m[SUCCESS][0m 2025-12-28T12:11:44.576Z: Registration data validation passed
[36m[INFO][0m 2025-12-28T12:11:44.576Z: Selecting Registration practice site
[36m[INFO][0m 2025-12-28T12:11:44.576Z: Selecting practice site at index 3
[36m[INFO][0m 2025-12-28T12:11:44.576Z: Opening practice sites dropdown
[32m[SUCCESS][0m 2025-12-28T12:11:48.529Z: Successfully navigated to practice site 3
[36m[INFO][0m 2025-12-28T12:11:48.529Z: Filling registration form
[36m[INFO][0m 2025-12-28T12:11:50.398Z: Verifying registration success message
[32m[SUCCESS][0m 2025-12-28T12:11:50.409Z: Registration test passed successfully
[36m[INFO][0m 2025-12-28T12:11:50.411Z: Fixture teardown completed
]]>
</system-out>
</testcase>
</testsuite>
<testsuite name="webForm.spec.js" timestamp="2025-12-28T12:11:29.195Z" hostname="chromium" tests="1" failures="0" skipped="0" time="28.398" errors="0">
<testcase name="Web Form Automation flow with dummy data" classname="webForm.spec.js" time="28.398">
<system-out>
<![CDATA[[36m[INFO][0m 2025-12-28T12:11:32.151Z: Setting up practiceSitePage fixture
[36m[INFO][0m 2025-12-28T12:11:32.152Z: Navigating to https://testerbud.com/
[32m[SUCCESS][0m 2025-12-28T12:11:51.216Z: Homepage loaded successfully
[36m[INFO][0m 2025-12-28T12:11:51.218Z: Starting Web Form Automation Test
[32m[SUCCESS][0m 2025-12-28T12:11:51.219Z: Form data validation passed
[36m[INFO][0m 2025-12-28T12:11:51.219Z: Selecting second practice site (Web Form Automation)
[36m[INFO][0m 2025-12-28T12:11:51.220Z: Selecting practice site at index 1
[36m[INFO][0m 2025-12-28T12:11:51.220Z: Opening practice sites dropdown
[32m[SUCCESS][0m 2025-12-28T12:11:55.687Z: Successfully navigated to practice site 1
[35m[DEBUG][0m 2025-12-28T12:11:55.688Z: AutomateWebFormPage initialized
[36m[INFO][0m 2025-12-28T12:11:55.689Z: Filling form with test data
[35m[DEBUG][0m 2025-12-28T12:11:55.689Z: Form data validation passed
[36m[INFO][0m 2025-12-28T12:11:55.690Z: Selecting country: India
[35m[DEBUG][0m 2025-12-28T12:11:55.789Z: Attempt 1/3: Executing operation
[32m[SUCCESS][0m 2025-12-28T12:11:55.854Z: ✓ Operation succeeded on attempt 1
[36m[INFO][0m 2025-12-28T12:11:55.855Z: Selecting title: Mr.
[35m[DEBUG][0m 2025-12-28T12:11:55.874Z: Attempt 1/3: Executing operation
[32m[SUCCESS][0m 2025-12-28T12:11:55.980Z: ✓ Operation succeeded on attempt 1
[36m[INFO][0m 2025-12-28T12:11:55.980Z: Filling first name: Marghoob
[35m[DEBUG][0m 2025-12-28T12:11:55.998Z: Attempt 1/3: Executing operation
[32m[SUCCESS][0m 2025-12-28T12:11:56.201Z: ✓ Operation succeeded on attempt 1
[36m[INFO][0m 2025-12-28T12:11:56.202Z: Filling last name: Alam
[35m[DEBUG][0m 2025-12-28T12:11:56.223Z: Attempt 1/3: Executing operation
[32m[SUCCESS][0m 2025-12-28T12:11:56.602Z: ✓ Operation succeeded on attempt 1
[36m[INFO][0m 2025-12-28T12:11:56.602Z: Filling date of birth: 1995-08-15
[35m[DEBUG][0m 2025-12-28T12:11:56.618Z: Attempt 1/3: Executing operation
[32m[SUCCESS][0m 2025-12-28T12:11:56.860Z: ✓ Operation succeeded on attempt 1
[36m[INFO][0m 2025-12-28T12:11:56.860Z: Filling joining date: 01/01/2024
[35m[DEBUG][0m 2025-12-28T12:11:56.873Z: Attempt 1/3: Executing operation
[32m[SUCCESS][0m 2025-12-28T12:11:57.051Z: ✓ Operation succeeded on attempt 1
[36m[INFO][0m 2025-12-28T12:11:57.051Z: Filling email: marghoob@example.com
[35m[DEBUG][0m 2025-12-28T12:11:57.064Z: Attempt 1/3: Executing operation
[32m[SUCCESS][0m 2025-12-28T12:11:57.159Z: ✓ Operation succeeded on attempt 1
[36m[INFO][0m 2025-12-28T12:11:57.159Z: Selecting phone country code: +91
[35m[DEBUG][0m 2025-12-28T12:11:57.172Z: Attempt 1/3: Executing operation
[32m[SUCCESS][0m 2025-12-28T12:11:57.227Z: ✓ Operation succeeded on attempt 1
[36m[INFO][0m 2025-12-28T12:11:57.227Z: Filling phone number: 9876543210
[35m[DEBUG][0m 2025-12-28T12:11:57.244Z: Attempt 1/3: Executing operation
[32m[SUCCESS][0m 2025-12-28T12:11:57.339Z: ✓ Operation succeeded on attempt 1
[36m[INFO][0m 2025-12-28T12:11:57.339Z: Selecting communication method: Phone
[35m[DEBUG][0m 2025-12-28T12:11:57.352Z: Attempt 1/3: Executing operation
[32m[SUCCESS][0m 2025-12-28T12:11:58.474Z: ✓ Operation succeeded on attempt 1
[36m[INFO][0m 2025-12-28T12:11:58.474Z: Clicking submit button
[35m[DEBUG][0m 2025-12-28T12:11:58.513Z: Attempt 1/3: Executing operation
[32m[SUCCESS][0m 2025-12-28T12:11:59.666Z: ✓ Operation succeeded on attempt 1
[32m[SUCCESS][0m 2025-12-28T12:11:59.666Z: Form submitted successfully
[36m[INFO][0m 2025-12-28T12:11:59.666Z: Verifying success message
[36m[INFO][0m 2025-12-28T12:11:59.666Z: Verifying success message visibility
[32m[SUCCESS][0m 2025-12-28T12:11:59.695Z: Success message is visible: "✕Details Successfully Added!Thank you for practicing form automation.We do not store any data. Please avoid entering personal information. Use only dummy data for practicing automation scripts. 😊Go Back to Form"
[32m[SUCCESS][0m 2025-12-28T12:11:59.697Z: Web Form test passed successfully
[36m[INFO][0m 2025-12-28T12:11:59.699Z: Fixture teardown completed
]]>
</system-out>
</testcase>
</testsuite>
<testsuite name="dataValidation.spec.js" timestamp="2025-12-28T12:11:29.195Z" hostname="firefox" tests="11" failures="0" skipped="0" time="0.058" errors="0">
<testcase name="Data Validation Tests › validate form test data" classname="dataValidation.spec.js" time="0.011">
<system-out>
<![CDATA[[36m[INFO][0m 2025-12-28T12:11:33.062Z: Running form data validation test
[32m[SUCCESS][0m 2025-12-28T12:11:33.063Z: Form data validation passed
]]>
</system-out>
</testcase>
<testcase name="Data Validation Tests › validate login credentials" classname="dataValidation.spec.js" time="0.005">
<system-out>
<![CDATA[[36m[INFO][0m 2025-12-28T12:11:33.091Z: Running credentials validation test
[32m[SUCCESS][0m 2025-12-28T12:11:33.091Z: Credentials validation passed
]]>
</system-out>
</testcase>
<testcase name="Data Validation Tests › validate address fields" classname="dataValidation.spec.js" time="0.01">
<system-out>
<![CDATA[[36m[INFO][0m 2025-12-28T12:11:33.113Z: Running address validation test
[32m[SUCCESS][0m 2025-12-28T12:11:33.113Z: Address validation passed
]]>
</system-out>
</testcase>
<testcase name="Data Validation Tests › validate payment details" classname="dataValidation.spec.js" time="0.004">
<system-out>
<![CDATA[[36m[INFO][0m 2025-12-28T12:11:33.136Z: Running payment validation test
[32m[SUCCESS][0m 2025-12-28T12:11:33.136Z: Payment validation passed
]]>
</system-out>
</testcase>
<testcase name="Data Validation Tests › validate individual form fields" classname="dataValidation.spec.js" time="0.006">
<system-out>
<![CDATA[[36m[INFO][0m 2025-12-28T12:11:33.154Z: Running individual field validation tests
[35m[DEBUG][0m 2025-12-28T12:11:33.156Z: Email validation passed
[35m[DEBUG][0m 2025-12-28T12:11:33.157Z: First name validation passed
[35m[DEBUG][0m 2025-12-28T12:11:33.158Z: Last name validation passed
[35m[DEBUG][0m 2025-12-28T12:11:33.158Z: DOB validation passed
[35m[DEBUG][0m 2025-12-28T12:11:33.159Z: Phone number validation passed
[32m[SUCCESS][0m 2025-12-28T12:11:33.159Z: All field validations passed
]]>
</system-out>
</testcase>
<testcase name="Data Validation Tests › validate email format" classname="dataValidation.spec.js" time="0.004">
<system-out>
<![CDATA[[36m[INFO][0m 2025-12-28T12:11:33.177Z: Testing email validation
[32m[SUCCESS][0m 2025-12-28T12:11:33.178Z: Email validation tests passed
]]>
</system-out>
</testcase>
<testcase name="Data Validation Tests › validate phone number format" classname="dataValidation.spec.js" time="0.003">
<system-out>
<![CDATA[[36m[INFO][0m 2025-12-28T12:11:33.195Z: Testing phone number validation
[32m[SUCCESS][0m 2025-12-28T12:11:33.198Z: Phone number validation tests passed
]]>
</system-out>
</testcase>
<testcase name="Data Validation Tests › validate date format" classname="dataValidation.spec.js" time="0.004">
<system-out>
<![CDATA[[36m[INFO][0m 2025-12-28T12:11:33.216Z: Testing date validation
[32m[SUCCESS][0m 2025-12-28T12:11:33.218Z: Date validation tests passed
]]>
</system-out>
</testcase>
<testcase name="Data Validation Tests › validate name format" classname="dataValidation.spec.js" time="0.004">
<system-out>
<![CDATA[[36m[INFO][0m 2025-12-28T12:11:33.232Z: Testing name validation
[32m[SUCCESS][0m 2025-12-28T12:11:33.235Z: Name validation tests passed
]]>
</system-out>
</testcase>
<testcase name="Data Validation Tests › validate password format" classname="dataValidation.spec.js" time="0.004">
<system-out>
<![CDATA[[36m[INFO][0m 2025-12-28T12:11:33.250Z: Testing password validation
[32m[SUCCESS][0m 2025-12-28T12:11:33.252Z: Password validation tests passed
]]>
</system-out>
</testcase>
<testcase name="Data Validation Tests › validate quantity format" classname="dataValidation.spec.js" time="0.003">
<system-out>
<![CDATA[[36m[INFO][0m 2025-12-28T12:11:33.265Z: Testing quantity validation
[32m[SUCCESS][0m 2025-12-28T12:11:33.267Z: Quantity validation tests passed
]]>
</system-out>
</testcase>
</testsuite>
<testsuite name="ecommerce.spec.js" timestamp="2025-12-28T12:11:29.195Z" hostname="firefox" tests="1" failures="0" skipped="0" time="17.175" errors="0">
<testcase name="Ecommerce flow: add, search, cart, shipping, payment, success" classname="ecommerce.spec.js" time="17.175">
<system-out>
<![CDATA[[36m[INFO][0m 2025-12-28T12:11:35.544Z: Setting up practiceSitePage fixture
[36m[INFO][0m 2025-12-28T12:11:35.544Z: Navigating to https://testerbud.com/
[32m[SUCCESS][0m 2025-12-28T12:11:41.666Z: Homepage loaded successfully
[36m[INFO][0m 2025-12-28T12:11:41.667Z: Starting Ecommerce Flow Test
[32m[SUCCESS][0m 2025-12-28T12:11:41.668Z: Data validation passed
[36m[INFO][0m 2025-12-28T12:11:41.668Z: Selecting practice site at index 4
[36m[INFO][0m 2025-12-28T12:11:41.668Z: Opening practice sites dropdown
[32m[SUCCESS][0m 2025-12-28T12:11:45.649Z: Successfully navigated to practice site 4
[36m[INFO][0m 2025-12-28T12:11:46.075Z: Adding product: Laptop Pro x2
[36m[INFO][0m 2025-12-28T12:11:46.368Z: Adding product: Wireless Mouse x3
[36m[INFO][0m 2025-12-28T12:11:46.575Z: Searching for product: Monitor 4K
[36m[INFO][0m 2025-12-28T12:11:46.612Z: Adding searched product: Monitor 4K x1
[36m[INFO][0m 2025-12-28T12:11:46.911Z: Opening cart modal
[36m[INFO][0m 2025-12-28T12:11:48.028Z: Removing product from cart: Wireless Mouse
[36m[INFO][0m 2025-12-28T12:11:48.352Z: Proceeding to buy
[36m[INFO][0m 2025-12-28T12:11:48.527Z: Filling shipping address
[36m[INFO][0m 2025-12-28T12:11:49.800Z: Filling payment details
[36m[INFO][0m 2025-12-28T12:11:50.327Z: Verifying order success
[32m[SUCCESS][0m 2025-12-28T12:11:50.799Z: Ecommerce flow passed successfully
[36m[INFO][0m 2025-12-28T12:11:50.801Z: Fixture teardown completed
]]>
</system-out>
</testcase>
</testsuite>
<testsuite name="forgotPassword.spec.js" timestamp="2025-12-28T12:11:29.195Z" hostname="firefox" tests="1" failures="0" skipped="0" time="13.204" errors="0">
<testcase name="Forgot Password Flow" classname="forgotPassword.spec.js" time="13.204">
<system-out>
<![CDATA[[36m[INFO][0m 2025-12-28T12:11:57.470Z: Setting up practiceSitePage fixture
[36m[INFO][0m 2025-12-28T12:11:57.472Z: Navigating to https://testerbud.com/
[32m[SUCCESS][0m 2025-12-28T12:12:02.478Z: Homepage loaded successfully
[36m[INFO][0m 2025-12-28T12:12:02.480Z: Starting Forgot Password Test
[32m[SUCCESS][0m 2025-12-28T12:12:02.480Z: Forgot Password data validation passed
[36m[INFO][0m 2025-12-28T12:12:02.481Z: Selecting practice site at index 2
[36m[INFO][0m 2025-12-28T12:12:02.481Z: Opening practice sites dropdown
[32m[SUCCESS][0m 2025-12-28T12:12:05.878Z: Successfully navigated to practice site 2
[32m[SUCCESS][0m 2025-12-28T12:12:07.138Z: Forgot Password flow passed successfully
[36m[INFO][0m 2025-12-28T12:12:07.142Z: Fixture teardown completed
]]>
</system-out>
</testcase>
</testsuite>
<testsuite name="login.spec.js" timestamp="2025-12-28T12:11:29.195Z" hostname="firefox" tests="1" failures="0" skipped="0" time="10.21" errors="0">
<testcase name="login flow with first practice site" classname="login.spec.js" time="10.21">
<system-out>
<![CDATA[[36m[INFO][0m 2025-12-28T12:12:01.249Z: Setting up practiceSitePage fixture
[36m[INFO][0m 2025-12-28T12:12:01.252Z: Navigating to https://testerbud.com/
[32m[SUCCESS][0m 2025-12-28T12:12:04.459Z: Homepage loaded successfully
[36m[INFO][0m 2025-12-28T12:12:04.461Z: Starting Login Test
[32m[SUCCESS][0m 2025-12-28T12:12:04.461Z: Credentials validation passed
[36m[INFO][0m 2025-12-28T12:12:04.462Z: Selecting first practice site
[36m[INFO][0m 2025-12-28T12:12:04.462Z: Selecting practice site at index 0
[36m[INFO][0m 2025-12-28T12:12:04.462Z: Opening practice sites dropdown
[32m[SUCCESS][0m 2025-12-28T12:12:06.004Z: Successfully navigated to practice site 0
[36m[INFO][0m 2025-12-28T12:12:06.004Z: Attempting login with email: user@premiumbank.com
[35m[DEBUG][0m 2025-12-28T12:12:06.006Z: LoginPage initialized
[36m[INFO][0m 2025-12-28T12:12:06.006Z: Filling email field: user@premiumbank.com
[35m[DEBUG][0m 2025-12-28T12:12:06.563Z: Attempt 1/3: Executing operation
[32m[SUCCESS][0m 2025-12-28T12:12:06.888Z: ✓ Operation succeeded on attempt 1
[36m[INFO][0m 2025-12-28T12:12:06.889Z: Filling password field
[35m[DEBUG][0m 2025-12-28T12:12:06.903Z: Attempt 1/3: Executing operation
[32m[SUCCESS][0m 2025-12-28T12:12:07.060Z: ✓ Operation succeeded on attempt 1
[36m[INFO][0m 2025-12-28T12:12:07.061Z: Clicking sign in button
[35m[DEBUG][0m 2025-12-28T12:12:07.144Z: Attempt 1/3: Executing operation
[32m[SUCCESS][0m 2025-12-28T12:12:07.300Z: ✓ Operation succeeded on attempt 1
[32m[SUCCESS][0m 2025-12-28T12:12:07.300Z: Login action completed
[36m[INFO][0m 2025-12-28T12:12:07.300Z: Verifying welcome message
[36m[INFO][0m 2025-12-28T12:12:07.301Z: Verifying welcome message visibility
[32m[SUCCESS][0m 2025-12-28T12:12:07.357Z: Welcome message is visible: "Login Successful! Welcome to Premium Banking."
[32m[SUCCESS][0m 2025-12-28T12:12:07.361Z: Login test passed successfully
[36m[INFO][0m 2025-12-28T12:12:07.365Z: Fixture teardown completed
]]>
</system-out>
</testcase>
</testsuite>
<testsuite name="registration.spec.js" timestamp="2025-12-28T12:11:29.195Z" hostname="firefox" tests="1" failures="0" skipped="0" time="9.738" errors="0">
<testcase name="Registration Flow with valid data" classname="registration.spec.js" time="9.738">
<system-out>
<![CDATA[[36m[INFO][0m 2025-12-28T12:11:51.576Z: Setting up practiceSitePage fixture
[36m[INFO][0m 2025-12-28T12:11:51.576Z: Navigating to https://testerbud.com/
[32m[SUCCESS][0m 2025-12-28T12:11:56.103Z: Homepage loaded successfully
[36m[INFO][0m 2025-12-28T12:11:56.104Z: Starting Registration Test
[32m[SUCCESS][0m 2025-12-28T12:11:56.104Z: Registration data validation passed
[36m[INFO][0m 2025-12-28T12:11:56.104Z: Selecting Registration practice site
[36m[INFO][0m 2025-12-28T12:11:56.105Z: Selecting practice site at index 3
[36m[INFO][0m 2025-12-28T12:11:56.105Z: Opening practice sites dropdown
[32m[SUCCESS][0m 2025-12-28T12:11:59.503Z: Successfully navigated to practice site 3
[36m[INFO][0m 2025-12-28T12:11:59.504Z: Filling registration form
[36m[INFO][0m 2025-12-28T12:12:00.643Z: Verifying registration success message
[32m[SUCCESS][0m 2025-12-28T12:12:00.666Z: Registration test passed successfully
[36m[INFO][0m 2025-12-28T12:12:00.668Z: Fixture teardown completed
]]>
</system-out>
</testcase>
</testsuite>
<testsuite name="webForm.spec.js" timestamp="2025-12-28T12:11:29.195Z" hostname="firefox" tests="1" failures="0" skipped="0" time="14.356" errors="0">
<testcase name="Web Form Automation flow with dummy data" classname="webForm.spec.js" time="14.356">
<system-out>
<![CDATA[[36m[INFO][0m 2025-12-28T12:11:59.522Z: Setting up practiceSitePage fixture
[36m[INFO][0m 2025-12-28T12:11:59.525Z: Navigating to https://testerbud.com/
[32m[SUCCESS][0m 2025-12-28T12:12:04.651Z: Homepage loaded successfully
[36m[INFO][0m 2025-12-28T12:12:04.653Z: Starting Web Form Automation Test
[32m[SUCCESS][0m 2025-12-28T12:12:04.654Z: Form data validation passed
[36m[INFO][0m 2025-12-28T12:12:04.654Z: Selecting second practice site (Web Form Automation)
[36m[INFO][0m 2025-12-28T12:12:04.654Z: Selecting practice site at index 1
[36m[INFO][0m 2025-12-28T12:12:04.655Z: Opening practice sites dropdown
[32m[SUCCESS][0m 2025-12-28T12:12:07.380Z: Successfully navigated to practice site 1
[35m[DEBUG][0m 2025-12-28T12:12:07.383Z: AutomateWebFormPage initialized
[36m[INFO][0m 2025-12-28T12:12:07.383Z: Filling form with test data
[35m[DEBUG][0m 2025-12-28T12:12:07.384Z: Form data validation passed
[36m[INFO][0m 2025-12-28T12:12:07.384Z: Selecting country: India
[35m[DEBUG][0m 2025-12-28T12:12:07.853Z: Attempt 1/3: Executing operation
[32m[SUCCESS][0m 2025-12-28T12:12:07.900Z: ✓ Operation succeeded on attempt 1
[36m[INFO][0m 2025-12-28T12:12:07.900Z: Selecting title: Mr.
[35m[DEBUG][0m 2025-12-28T12:12:07.929Z: Attempt 1/3: Executing operation
[32m[SUCCESS][0m 2025-12-28T12:12:07.994Z: ✓ Operation succeeded on attempt 1
[36m[INFO][0m 2025-12-28T12:12:07.994Z: Filling first name: Marghoob
[35m[DEBUG][0m 2025-12-28T12:12:08.013Z: Attempt 1/3: Executing operation
[32m[SUCCESS][0m 2025-12-28T12:12:08.114Z: ✓ Operation succeeded on attempt 1
[36m[INFO][0m 2025-12-28T12:12:08.114Z: Filling last name: Alam
[35m[DEBUG][0m 2025-12-28T12:12:08.133Z: Attempt 1/3: Executing operation
[32m[SUCCESS][0m 2025-12-28T12:12:08.294Z: ✓ Operation succeeded on attempt 1
[36m[INFO][0m 2025-12-28T12:12:08.294Z: Filling date of birth: 1995-08-15
[35m[DEBUG][0m 2025-12-28T12:12:08.325Z: Attempt 1/3: Executing operation
[32m[SUCCESS][0m 2025-12-28T12:12:08.685Z: ✓ Operation succeeded on attempt 1
[36m[INFO][0m 2025-12-28T12:12:08.685Z: Filling joining date: 01/01/2024
[35m[DEBUG][0m 2025-12-28T12:12:08.715Z: Attempt 1/3: Executing operation
[32m[SUCCESS][0m 2025-12-28T12:12:08.867Z: ✓ Operation succeeded on attempt 1
[36m[INFO][0m 2025-12-28T12:12:08.867Z: Filling email: marghoob@example.com
[35m[DEBUG][0m 2025-12-28T12:12:08.888Z: Attempt 1/3: Executing operation
[32m[SUCCESS][0m 2025-12-28T12:12:09.088Z: ✓ Operation succeeded on attempt 1
[36m[INFO][0m 2025-12-28T12:12:09.088Z: Selecting phone country code: +91
[35m[DEBUG][0m 2025-12-28T12:12:09.101Z: Attempt 1/3: Executing operation
[32m[SUCCESS][0m 2025-12-28T12:12:09.183Z: ✓ Operation succeeded on attempt 1
[36m[INFO][0m 2025-12-28T12:12:09.184Z: Filling phone number: 9876543210
[35m[DEBUG][0m 2025-12-28T12:12:09.195Z: Attempt 1/3: Executing operation
[32m[SUCCESS][0m 2025-12-28T12:12:09.307Z: ✓ Operation succeeded on attempt 1
[36m[INFO][0m 2025-12-28T12:12:09.307Z: Selecting communication method: Phone
[35m[DEBUG][0m 2025-12-28T12:12:09.325Z: Attempt 1/3: Executing operation
[32m[SUCCESS][0m 2025-12-28T12:12:09.471Z: ✓ Operation succeeded on attempt 1
[36m[INFO][0m 2025-12-28T12:12:09.471Z: Clicking submit button
[35m[DEBUG][0m 2025-12-28T12:12:09.505Z: Attempt 1/3: Executing operation
[32m[SUCCESS][0m 2025-12-28T12:12:09.590Z: ✓ Operation succeeded on attempt 1
[32m[SUCCESS][0m 2025-12-28T12:12:09.590Z: Form submitted successfully
[36m[INFO][0m 2025-12-28T12:12:09.590Z: Verifying success message
[36m[INFO][0m 2025-12-28T12:12:09.590Z: Verifying success message visibility
[32m[SUCCESS][0m 2025-12-28T12:12:09.622Z: Success message is visible: "✕Details Successfully Added!Thank you for practicing form automation.We do not store any data. Please avoid entering personal information. Use only dummy data for practicing automation scripts. 😊Go Back to Form"
[32m[SUCCESS][0m 2025-12-28T12:12:09.623Z: Web Form test passed successfully
[36m[INFO][0m 2025-12-28T12:12:09.626Z: Fixture teardown completed
]]>
</system-out>
</testcase>
</testsuite>
<testsuite name="dataValidation.spec.js" timestamp="2025-12-28T12:11:29.195Z" hostname="webkit" tests="11" failures="0" skipped="0" time="0.263" errors="0">
<testcase name="Data Validation Tests › validate form test data" classname="dataValidation.spec.js" time="0.071">
<system-out>
<![CDATA[[36m[INFO][0m 2025-12-28T12:12:00.487Z: Running form data validation test
[32m[SUCCESS][0m 2025-12-28T12:12:00.490Z: Form data validation passed
]]>
</system-out>
</testcase>
<testcase name="Data Validation Tests › validate login credentials" classname="dataValidation.spec.js" time="0.026">
<system-out>
<![CDATA[[36m[INFO][0m 2025-12-28T12:12:05.422Z: Running credentials validation test
[32m[SUCCESS][0m 2025-12-28T12:12:05.424Z: Credentials validation passed
]]>
</system-out>
</testcase>
<testcase name="Data Validation Tests › validate address fields" classname="dataValidation.spec.js" time="0.016">
<system-out>
<![CDATA[[36m[INFO][0m 2025-12-28T12:12:00.594Z: Running address validation test
[32m[SUCCESS][0m 2025-12-28T12:12:00.595Z: Address validation passed
]]>
</system-out>
</testcase>
<testcase name="Data Validation Tests › validate payment details" classname="dataValidation.spec.js" time="0.014">
<system-out>
<![CDATA[[36m[INFO][0m 2025-12-28T12:12:00.687Z: Running payment validation test
[32m[SUCCESS][0m 2025-12-28T12:12:00.688Z: Payment validation passed
]]>
</system-out>
</testcase>
<testcase name="Data Validation Tests › validate individual form fields" classname="dataValidation.spec.js" time="0.038">
<system-out>
<![CDATA[[36m[INFO][0m 2025-12-28T12:12:00.763Z: Running individual field validation tests
[35m[DEBUG][0m 2025-12-28T12:12:00.766Z: Email validation passed
[35m[DEBUG][0m 2025-12-28T12:12:00.789Z: First name validation passed
[35m[DEBUG][0m 2025-12-28T12:12:00.792Z: Last name validation passed
[35m[DEBUG][0m 2025-12-28T12:12:00.795Z: DOB validation passed
[35m[DEBUG][0m 2025-12-28T12:12:00.797Z: Phone number validation passed
[32m[SUCCESS][0m 2025-12-28T12:12:00.797Z: All field validations passed
]]>
</system-out>
</testcase>
<testcase name="Data Validation Tests › validate email format" classname="dataValidation.spec.js" time="0.013">
<system-out>
<![CDATA[[36m[INFO][0m 2025-12-28T12:12:00.857Z: Testing email validation
[32m[SUCCESS][0m 2025-12-28T12:12:00.865Z: Email validation tests passed
]]>
</system-out>
</testcase>
<testcase name="Data Validation Tests › validate phone number format" classname="dataValidation.spec.js" time="0.036">
<system-out>
<![CDATA[[36m[INFO][0m 2025-12-28T12:12:05.683Z: Testing phone number validation
[32m[SUCCESS][0m 2025-12-28T12:12:05.703Z: Phone number validation tests passed
]]>
</system-out>
</testcase>
<testcase name="Data Validation Tests › validate date format" classname="dataValidation.spec.js" time="0.015">
<system-out>
<![CDATA[[36m[INFO][0m 2025-12-28T12:12:00.949Z: Testing date validation
[32m[SUCCESS][0m 2025-12-28T12:12:00.960Z: Date validation tests passed
]]>
</system-out>
</testcase>
<testcase name="Data Validation Tests › validate name format" classname="dataValidation.spec.js" time="0.012">
<system-out>
<![CDATA[[36m[INFO][0m 2025-12-28T12:12:01.007Z: Testing name validation
[32m[SUCCESS][0m 2025-12-28T12:12:01.015Z: Name validation tests passed
]]>
</system-out>
</testcase>
<testcase name="Data Validation Tests › validate password format" classname="dataValidation.spec.js" time="0.009">
<system-out>
<![CDATA[[36m[INFO][0m 2025-12-28T12:12:01.060Z: Testing password validation
[32m[SUCCESS][0m 2025-12-28T12:12:01.067Z: Password validation tests passed
]]>
</system-out>
</testcase>
<testcase name="Data Validation Tests › validate quantity format" classname="dataValidation.spec.js" time="0.013">
<system-out>
<![CDATA[[36m[INFO][0m 2025-12-28T12:12:01.105Z: Testing quantity validation
[32m[SUCCESS][0m 2025-12-28T12:12:01.114Z: Quantity validation tests passed
]]>
</system-out>
</testcase>
</testsuite>
<testsuite name="ecommerce.spec.js" timestamp="2025-12-28T12:11:29.195Z" hostname="webkit" tests="1" failures="0" skipped="0" time="22.806" errors="0">
<testcase name="Ecommerce flow: add, search, cart, shipping, payment, success" classname="ecommerce.spec.js" time="22.806">
<system-out>
<![CDATA[[36m[INFO][0m 2025-12-28T12:12:02.248Z: Setting up practiceSitePage fixture
[36m[INFO][0m 2025-12-28T12:12:02.248Z: Navigating to https://testerbud.com/
[32m[SUCCESS][0m 2025-12-28T12:12:06.968Z: Homepage loaded successfully
[36m[INFO][0m 2025-12-28T12:12:06.970Z: Starting Ecommerce Flow Test
[32m[SUCCESS][0m 2025-12-28T12:12:06.971Z: Data validation passed
[36m[INFO][0m 2025-12-28T12:12:06.971Z: Selecting practice site at index 4
[36m[INFO][0m 2025-12-28T12:12:06.971Z: Opening practice sites dropdown
[32m[SUCCESS][0m 2025-12-28T12:12:11.191Z: Successfully navigated to practice site 4
[36m[INFO][0m 2025-12-28T12:12:11.558Z: Adding product: Laptop Pro x2
[36m[INFO][0m 2025-12-28T12:12:12.365Z: Adding product: Wireless Mouse x3
[36m[INFO][0m 2025-12-28T12:12:13.042Z: Searching for product: Monitor 4K
[36m[INFO][0m 2025-12-28T12:12:13.068Z: Adding searched product: Monitor 4K x1
[36m[INFO][0m 2025-12-28T12:12:13.526Z: Opening cart modal
[36m[INFO][0m 2025-12-28T12:12:14.352Z: Removing product from cart: Wireless Mouse
[36m[INFO][0m 2025-12-28T12:12:14.913Z: Proceeding to buy
[36m[INFO][0m 2025-12-28T12:12:15.289Z: Filling shipping address
[36m[INFO][0m 2025-12-28T12:12:17.820Z: Filling payment details
[36m[INFO][0m 2025-12-28T12:12:18.647Z: Verifying order success
[32m[SUCCESS][0m 2025-12-28T12:12:19.256Z: Ecommerce flow passed successfully
[36m[INFO][0m 2025-12-28T12:12:19.257Z: Fixture teardown completed
]]>
</system-out>
</testcase>
</testsuite>
<testsuite name="forgotPassword.spec.js" timestamp="2025-12-28T12:11:29.195Z" hostname="webkit" tests="1" failures="0" skipped="0" time="10.753" errors="0">
<testcase name="Forgot Password Flow" classname="forgotPassword.spec.js" time="10.753">
<system-out>
<![CDATA[[36m[INFO][0m 2025-12-28T12:12:06.310Z: Setting up practiceSitePage fixture
[36m[INFO][0m 2025-12-28T12:12:06.311Z: Navigating to https://testerbud.com/
[32m[SUCCESS][0m 2025-12-28T12:12:11.242Z: Homepage loaded successfully
[36m[INFO][0m 2025-12-28T12:12:11.244Z: Starting Forgot Password Test
[32m[SUCCESS][0m 2025-12-28T12:12:11.244Z: Forgot Password data validation passed
[36m[INFO][0m 2025-12-28T12:12:11.245Z: Selecting practice site at index 2
[36m[INFO][0m 2025-12-28T12:12:11.245Z: Opening practice sites dropdown
[32m[SUCCESS][0m 2025-12-28T12:12:14.583Z: Successfully navigated to practice site 2
[32m[SUCCESS][0m 2025-12-28T12:12:15.908Z: Forgot Password flow passed successfully
[36m[INFO][0m 2025-12-28T12:12:15.909Z: Fixture teardown completed
]]>
</system-out>
</testcase>
</testsuite>
<testsuite name="login.spec.js" timestamp="2025-12-28T12:11:29.195Z" hostname="webkit" tests="1" failures="0" skipped="0" time="6.137" errors="0">
<testcase name="login flow with first practice site" classname="login.spec.js" time="6.137">
<system-out>
<![CDATA[[36m[INFO][0m 2025-12-28T12:12:06.503Z: Setting up practiceSitePage fixture
[36m[INFO][0m 2025-12-28T12:12:06.503Z: Navigating to https://testerbud.com/
[32m[SUCCESS][0m 2025-12-28T12:12:09.246Z: Homepage loaded successfully
[36m[INFO][0m 2025-12-28T12:12:09.248Z: Starting Login Test
[32m[SUCCESS][0m 2025-12-28T12:12:09.248Z: Credentials validation passed
[36m[INFO][0m 2025-12-28T12:12:09.248Z: Selecting first practice site
[36m[INFO][0m 2025-12-28T12:12:09.248Z: Selecting practice site at index 0
[36m[INFO][0m 2025-12-28T12:12:09.248Z: Opening practice sites dropdown
[32m[SUCCESS][0m 2025-12-28T12:12:10.631Z: Successfully navigated to practice site 0
[36m[INFO][0m 2025-12-28T12:12:10.631Z: Attempting login with email: user@premiumbank.com
[35m[DEBUG][0m 2025-12-28T12:12:10.632Z: LoginPage initialized
[36m[INFO][0m 2025-12-28T12:12:10.632Z: Filling email field: user@premiumbank.com
[35m[DEBUG][0m 2025-12-28T12:12:10.781Z: Attempt 1/3: Executing operation
[32m[SUCCESS][0m 2025-12-28T12:12:10.940Z: ✓ Operation succeeded on attempt 1
[36m[INFO][0m 2025-12-28T12:12:10.940Z: Filling password field
[35m[DEBUG][0m 2025-12-28T12:12:10.951Z: Attempt 1/3: Executing operation
[32m[SUCCESS][0m 2025-12-28T12:12:11.078Z: ✓ Operation succeeded on attempt 1
[36m[INFO][0m 2025-12-28T12:12:11.078Z: Clicking sign in button
[35m[DEBUG][0m 2025-12-28T12:12:11.105Z: Attempt 1/3: Executing operation
[32m[SUCCESS][0m 2025-12-28T12:12:11.599Z: ✓ Operation succeeded on attempt 1
[32m[SUCCESS][0m 2025-12-28T12:12:11.599Z: Login action completed
[36m[INFO][0m 2025-12-28T12:12:11.599Z: Verifying welcome message
[36m[INFO][0m 2025-12-28T12:12:11.599Z: Verifying welcome message visibility
[32m[SUCCESS][0m 2025-12-28T12:12:11.647Z: Welcome message is visible: "Login Successful! Welcome to Premium Banking."
[32m[SUCCESS][0m 2025-12-28T12:12:11.650Z: Login test passed successfully
[36m[INFO][0m 2025-12-28T12:12:11.652Z: Fixture teardown completed
]]>
</system-out>
</testcase>
</testsuite>
<testsuite name="registration.spec.js" timestamp="2025-12-28T12:11:29.195Z" hostname="webkit" tests="1" failures="0" skipped="0" time="9.989" errors="0">
<testcase name="Registration Flow with valid data" classname="registration.spec.js" time="9.989">
<system-out>
<![CDATA[[36m[INFO][0m 2025-12-28T12:12:11.876Z: Setting up practiceSitePage fixture
[36m[INFO][0m 2025-12-28T12:12:11.878Z: Navigating to https://testerbud.com/
[32m[SUCCESS][0m 2025-12-28T12:12:15.328Z: Homepage loaded successfully
[36m[INFO][0m 2025-12-28T12:12:15.330Z: Starting Registration Test
[32m[SUCCESS][0m 2025-12-28T12:12:15.330Z: Registration data validation passed
[36m[INFO][0m 2025-12-28T12:12:15.331Z: Selecting Registration practice site
[36m[INFO][0m 2025-12-28T12:12:15.331Z: Selecting practice site at index 3
[36m[INFO][0m 2025-12-28T12:12:15.331Z: Opening practice sites dropdown
[32m[SUCCESS][0m 2025-12-28T12:12:20.111Z: Successfully navigated to practice site 3
[36m[INFO][0m 2025-12-28T12:12:20.111Z: Filling registration form
[36m[INFO][0m 2025-12-28T12:12:20.516Z: Verifying registration success message
[32m[SUCCESS][0m 2025-12-28T12:12:20.525Z: Registration test passed successfully
[36m[INFO][0m 2025-12-28T12:12:20.527Z: Fixture teardown completed
]]>
</system-out>
</testcase>
</testsuite>
<testsuite name="webForm.spec.js" timestamp="2025-12-28T12:11:29.195Z" hostname="webkit" tests="1" failures="0" skipped="0" time="6.886" errors="0">
<testcase name="Web Form Automation flow with dummy data" classname="webForm.spec.js" time="6.886">
<system-out>
<![CDATA[[36m[INFO][0m 2025-12-28T12:12:11.911Z: Setting up practiceSitePage fixture
[36m[INFO][0m 2025-12-28T12:12:11.915Z: Navigating to https://testerbud.com/
[32m[SUCCESS][0m 2025-12-28T12:12:14.548Z: Homepage loaded successfully
[36m[INFO][0m 2025-12-28T12:12:14.550Z: Starting Web Form Automation Test
[32m[SUCCESS][0m 2025-12-28T12:12:14.550Z: Form data validation passed
[36m[INFO][0m 2025-12-28T12:12:14.550Z: Selecting second practice site (Web Form Automation)
[36m[INFO][0m 2025-12-28T12:12:14.551Z: Selecting practice site at index 1
[36m[INFO][0m 2025-12-28T12:12:14.551Z: Opening practice sites dropdown
[32m[SUCCESS][0m 2025-12-28T12:12:15.937Z: Successfully navigated to practice site 1
[35m[DEBUG][0m 2025-12-28T12:12:15.938Z: AutomateWebFormPage initialized
[36m[INFO][0m 2025-12-28T12:12:15.938Z: Filling form with test data
[35m[DEBUG][0m 2025-12-28T12:12:15.939Z: Form data validation passed
[36m[INFO][0m 2025-12-28T12:12:15.939Z: Selecting country: India
[35m[DEBUG][0m 2025-12-28T12:12:16.090Z: Attempt 1/3: Executing operation
[32m[SUCCESS][0m 2025-12-28T12:12:16.165Z: ✓ Operation succeeded on attempt 1
[36m[INFO][0m 2025-12-28T12:12:16.165Z: Selecting title: Mr.
[35m[DEBUG][0m 2025-12-28T12:12:16.196Z: Attempt 1/3: Executing operation
[32m[SUCCESS][0m 2025-12-28T12:12:16.243Z: ✓ Operation succeeded on attempt 1
[36m[INFO][0m 2025-12-28T12:12:16.243Z: Filling first name: Marghoob
[35m[DEBUG][0m 2025-12-28T12:12:16.254Z: Attempt 1/3: Executing operation
[32m[SUCCESS][0m 2025-12-28T12:12:16.385Z: ✓ Operation succeeded on attempt 1
[36m[INFO][0m 2025-12-28T12:12:16.386Z: Filling last name: Alam
[35m[DEBUG][0m 2025-12-28T12:12:16.402Z: Attempt 1/3: Executing operation
[32m[SUCCESS][0m 2025-12-28T12:12:16.510Z: ✓ Operation succeeded on attempt 1
[36m[INFO][0m 2025-12-28T12:12:16.510Z: Filling date of birth: 1995-08-15
[35m[DEBUG][0m 2025-12-28T12:12:16.519Z: Attempt 1/3: Executing operation
[32m[SUCCESS][0m 2025-12-28T12:12:16.687Z: ✓ Operation succeeded on attempt 1
[36m[INFO][0m 2025-12-28T12:12:16.687Z: Filling joining date: 01/01/2024
[35m[DEBUG][0m 2025-12-28T12:12:16.696Z: Attempt 1/3: Executing operation
[32m[SUCCESS][0m 2025-12-28T12:12:16.794Z: ✓ Operation succeeded on attempt 1
[36m[INFO][0m 2025-12-28T12:12:16.795Z: Filling email: marghoob@example.com
[35m[DEBUG][0m 2025-12-28T12:12:16.823Z: Attempt 1/3: Executing operation
[32m[SUCCESS][0m 2025-12-28T12:12:16.928Z: ✓ Operation succeeded on attempt 1
[36m[INFO][0m 2025-12-28T12:12:16.928Z: Selecting phone country code: +91
[35m[DEBUG][0m 2025-12-28T12:12:16.950Z: Attempt 1/3: Executing operation
[32m[SUCCESS][0m 2025-12-28T12:12:17.000Z: ✓ Operation succeeded on attempt 1
[36m[INFO][0m 2025-12-28T12:12:17.000Z: Filling phone number: 9876543210
[35m[DEBUG][0m 2025-12-28T12:12:17.011Z: Attempt 1/3: Executing operation
[32m[SUCCESS][0m 2025-12-28T12:12:17.095Z: ✓ Operation succeeded on attempt 1
[36m[INFO][0m 2025-12-28T12:12:17.095Z: Selecting communication method: Phone
[35m[DEBUG][0m 2025-12-28T12:12:17.102Z: Attempt 1/3: Executing operation
[32m[SUCCESS][0m 2025-12-28T12:12:17.439Z: ✓ Operation succeeded on attempt 1
[36m[INFO][0m 2025-12-28T12:12:17.439Z: Clicking submit button
[35m[DEBUG][0m 2025-12-28T12:12:17.456Z: Attempt 1/3: Executing operation
[32m[SUCCESS][0m 2025-12-28T12:12:17.761Z: ✓ Operation succeeded on attempt 1
[32m[SUCCESS][0m 2025-12-28T12:12:17.761Z: Form submitted successfully
[36m[INFO][0m 2025-12-28T12:12:17.761Z: Verifying success message
[36m[INFO][0m 2025-12-28T12:12:17.761Z: Verifying success message visibility
[32m[SUCCESS][0m 2025-12-28T12:12:17.778Z: Success message is visible: "✕Details Successfully Added!Thank you for practicing form automation.We do not store any data. Please avoid entering personal information. Use only dummy data for practicing automation scripts. 😊Go Back to Form"
[32m[SUCCESS][0m 2025-12-28T12:12:17.779Z: Web Form test passed successfully
[36m[INFO][0m 2025-12-28T12:12:17.781Z: Fixture teardown completed
]]>
</system-out>
</testcase>
</testsuite>
</testsuites>