<testsuites id="" name="" tests="16" failures="0" skipped="0" errors="0" time="15.891903999999998">
<testsuite name="dataValidation.spec.js" timestamp="2025-12-26T20:08:59.301Z" hostname="chromium" tests="11" failures="0" skipped="0" time="0.248" errors="0">
<testcase name="Data Validation Tests › validate form test data" classname="dataValidation.spec.js" time="0.028">
<system-out>
<![CDATA[[36m[INFO][0m 2025-12-26T20:09:01.256Z: Running form data validation test
[32m[SUCCESS][0m 2025-12-26T20:09:01.259Z: Form data validation passed
]]>
</system-out>
</testcase>
<testcase name="Data Validation Tests › validate login credentials" classname="dataValidation.spec.js" time="0.033">
<system-out>
<![CDATA[[36m[INFO][0m 2025-12-26T20:09:01.282Z: Running credentials validation test
[32m[SUCCESS][0m 2025-12-26T20:09:01.284Z: Credentials validation passed
]]>
</system-out>
</testcase>
<testcase name="Data Validation Tests › validate address fields" classname="dataValidation.spec.js" time="0.025">
<system-out>
<![CDATA[[36m[INFO][0m 2025-12-26T20:09:01.241Z: Running address validation test
[32m[SUCCESS][0m 2025-12-26T20:09:01.244Z: Address validation passed
]]>
</system-out>
</testcase>
<testcase name="Data Validation Tests › validate payment details" classname="dataValidation.spec.js" time="0.024">
<system-out>
<![CDATA[[36m[INFO][0m 2025-12-26T20:09:01.221Z: Running payment validation test
[32m[SUCCESS][0m 2025-12-26T20:09:01.223Z: Payment validation passed
]]>
</system-out>
</testcase>
<testcase name="Data Validation Tests › validate individual form fields" classname="dataValidation.spec.js" time="0.031">
<system-out>
<![CDATA[[36m[INFO][0m 2025-12-26T20:09:01.283Z: Running individual field validation tests
[35m[DEBUG][0m 2025-12-26T20:09:01.293Z: Email validation passed
[35m[DEBUG][0m 2025-12-26T20:09:01.295Z: First name validation passed
[35m[DEBUG][0m 2025-12-26T20:09:01.298Z: Last name validation passed
[35m[DEBUG][0m 2025-12-26T20:09:01.300Z: DOB validation passed
[35m[DEBUG][0m 2025-12-26T20:09:01.302Z: Phone number validation passed
[32m[SUCCESS][0m 2025-12-26T20:09:01.303Z: All field validations passed
]]>
</system-out>
</testcase>
<testcase name="Data Validation Tests › validate email format" classname="dataValidation.spec.js" time="0.028">
<system-out>
<![CDATA[[36m[INFO][0m 2025-12-26T20:09:01.268Z: Testing email validation
[32m[SUCCESS][0m 2025-12-26T20:09:01.284Z: Email validation tests passed
]]>
</system-out>
</testcase>
<testcase name="Data Validation Tests › validate phone number format" classname="dataValidation.spec.js" time="0.01">
<system-out>
<![CDATA[[36m[INFO][0m 2025-12-26T20:09:01.286Z: Testing phone number validation
[32m[SUCCESS][0m 2025-12-26T20:09:01.291Z: Phone number validation tests passed
]]>
</system-out>
</testcase>
<testcase name="Data Validation Tests › validate date format" classname="dataValidation.spec.js" time="0.017">
<system-out>
<![CDATA[[36m[INFO][0m 2025-12-26T20:09:01.305Z: Testing date validation
[32m[SUCCESS][0m 2025-12-26T20:09:01.315Z: Date validation tests passed
]]>
</system-out>
</testcase>
<testcase name="Data Validation Tests › validate name format" classname="dataValidation.spec.js" time="0.02">
<system-out>
<![CDATA[[36m[INFO][0m 2025-12-26T20:09:01.324Z: Testing name validation
[32m[SUCCESS][0m 2025-12-26T20:09:01.338Z: Name validation tests passed
]]>
</system-out>
</testcase>
<testcase name="Data Validation Tests › validate password format" classname="dataValidation.spec.js" time="0.017">
<system-out>
<![CDATA[[36m[INFO][0m 2025-12-26T20:09:01.338Z: Testing password validation
[32m[SUCCESS][0m 2025-12-26T20:09:01.350Z: Password validation tests passed
]]>
</system-out>
</testcase>
<testcase name="Data Validation Tests › validate quantity format" classname="dataValidation.spec.js" time="0.015">
<system-out>
<![CDATA[[36m[INFO][0m 2025-12-26T20:09:01.337Z: Testing quantity validation
[32m[SUCCESS][0m 2025-12-26T20:09:01.346Z: Quantity validation tests passed
]]>
</system-out>
</testcase>
</testsuite>
<testsuite name="ecommerce.spec.js" timestamp="2025-12-26T20:08:59.301Z" hostname="chromium" tests="1" failures="0" skipped="0" time="12.669" errors="0">
<testcase name="Ecommerce flow: add, search, cart, shipping, payment, success" classname="ecommerce.spec.js" time="12.669">
<system-out>
<![CDATA[[36m[INFO][0m 2025-12-26T20:09:03.614Z: Setting up practiceSitePage fixture
[36m[INFO][0m 2025-12-26T20:09:03.615Z: Navigating to https://testerbud.com/
[32m[SUCCESS][0m 2025-12-26T20:09:07.520Z: Homepage loaded successfully
[36m[INFO][0m 2025-12-26T20:09:07.521Z: Opening practice sites dropdown
[36m[INFO][0m 2025-12-26T20:09:08.165Z: Starting Ecommerce Flow Test
[32m[SUCCESS][0m 2025-12-26T20:09:08.168Z: Data validation passed
[36m[INFO][0m 2025-12-26T20:09:08.169Z: Selecting practice site at index 4
[32m[SUCCESS][0m 2025-12-26T20:09:09.912Z: Successfully navigated to practice site 4
[36m[INFO][0m 2025-12-26T20:09:10.131Z: Adding product: Laptop Pro x2
[36m[INFO][0m 2025-12-26T20:09:10.577Z: Adding product: Wireless Mouse x3
[36m[INFO][0m 2025-12-26T20:09:10.838Z: Searching for product: Monitor 4K
[36m[INFO][0m 2025-12-26T20:09:10.919Z: Adding searched product: Monitor 4K x1
[36m[INFO][0m 2025-12-26T20:09:11.181Z: Opening cart modal
[36m[INFO][0m 2025-12-26T20:09:12.224Z: Removing product from cart: Wireless Mouse
[36m[INFO][0m 2025-12-26T20:09:12.587Z: Proceeding to buy
[36m[INFO][0m 2025-12-26T20:09:12.738Z: Filling shipping address
[36m[INFO][0m 2025-12-26T20:09:13.215Z: Filling payment details
[36m[INFO][0m 2025-12-26T20:09:13.703Z: Verifying order success
[32m[SUCCESS][0m 2025-12-26T20:09:14.094Z: Ecommerce flow passed successfully
[36m[INFO][0m 2025-12-26T20:09:14.097Z: Fixture teardown completed
]]>
</system-out>
</testcase>
</testsuite>
<testsuite name="forgotPassword.spec.js" timestamp="2025-12-26T20:08:59.301Z" hostname="chromium" tests="1" failures="0" skipped="0" time="8.639" errors="0">
<testcase name="Forgot Password Flow" classname="forgotPassword.spec.js" time="8.639">
<system-out>
<![CDATA[[36m[INFO][0m 2025-12-26T20:09:03.618Z: Setting up practiceSitePage fixture
[36m[INFO][0m 2025-12-26T20:09:03.619Z: Navigating to https://testerbud.com/
[32m[SUCCESS][0m 2025-12-26T20:09:06.413Z: Homepage loaded successfully
[36m[INFO][0m 2025-12-26T20:09:06.414Z: Opening practice sites dropdown
[36m[INFO][0m 2025-12-26T20:09:06.752Z: Starting Forgot Password Test
[32m[SUCCESS][0m 2025-12-26T20:09:06.753Z: Forgot Password data validation passed
[36m[INFO][0m 2025-12-26T20:09:06.753Z: Selecting practice site at index 2
[32m[SUCCESS][0m 2025-12-26T20:09:07.354Z: Successfully navigated to practice site 2
[32m[SUCCESS][0m 2025-12-26T20:09:09.548Z: Forgot Password flow passed successfully
[36m[INFO][0m 2025-12-26T20:09:09.550Z: Fixture teardown completed
]]>
</system-out>
</testcase>
</testsuite>
<testsuite name="login.spec.js" timestamp="2025-12-26T20:08:59.301Z" hostname="chromium" tests="1" failures="0" skipped="0" time="8.991" errors="0">
<testcase name="login flow with first practice site" classname="login.spec.js" time="8.991">
<system-out>
<![CDATA[[36m[INFO][0m 2025-12-26T20:09:03.826Z: Setting up practiceSitePage fixture
[36m[INFO][0m 2025-12-26T20:09:03.826Z: Navigating to https://testerbud.com/
[32m[SUCCESS][0m 2025-12-26T20:09:06.602Z: Homepage loaded successfully
[36m[INFO][0m 2025-12-26T20:09:06.603Z: Opening practice sites dropdown
[36m[INFO][0m 2025-12-26T20:09:07.028Z: Starting Login Test
[32m[SUCCESS][0m 2025-12-26T20:09:07.029Z: Credentials validation passed
[36m[INFO][0m 2025-12-26T20:09:07.029Z: Selecting first practice site
[36m[INFO][0m 2025-12-26T20:09:07.029Z: Selecting practice site at index 0
[32m[SUCCESS][0m 2025-12-26T20:09:07.525Z: Successfully navigated to practice site 0
[36m[INFO][0m 2025-12-26T20:09:07.525Z: Attempting login with email: user@premiumbank.com
[35m[DEBUG][0m 2025-12-26T20:09:07.528Z: LoginPage initialized
[35m[DEBUG][0m 2025-12-26T20:09:07.534Z: Credentials validation passed
[36m[INFO][0m 2025-12-26T20:09:07.534Z: Filling email field: user@premiumbank.com
[35m[DEBUG][0m 2025-12-26T20:09:07.535Z: Attempt 1/3: Executing operation
[32m[SUCCESS][0m 2025-12-26T20:09:07.771Z: ✓ Operation succeeded on attempt 1
[36m[INFO][0m 2025-12-26T20:09:07.771Z: Filling password field
[35m[DEBUG][0m 2025-12-26T20:09:07.771Z: Attempt 1/3: Executing operation
[32m[SUCCESS][0m 2025-12-26T20:09:07.902Z: ✓ Operation succeeded on attempt 1
[36m[INFO][0m 2025-12-26T20:09:07.930Z: Checking remember me checkbox
[36m[INFO][0m 2025-12-26T20:09:09.613Z: Clicking sign in button
[35m[DEBUG][0m 2025-12-26T20:09:09.614Z: Attempt 1/3: Executing operation
[32m[SUCCESS][0m 2025-12-26T20:09:10.032Z: ✓ Operation succeeded on attempt 1
[32m[SUCCESS][0m 2025-12-26T20:09:10.032Z: Login action completed
[36m[INFO][0m 2025-12-26T20:09:10.032Z: Verifying welcome message
[36m[INFO][0m 2025-12-26T20:09:10.033Z: Verifying welcome message visibility
[32m[SUCCESS][0m 2025-12-26T20:09:10.079Z: Welcome message is visible: "Login Successful! Welcome to Premium Banking."
[32m[SUCCESS][0m 2025-12-26T20:09:10.081Z: Login test passed successfully
[36m[INFO][0m 2025-12-26T20:09:10.083Z: Fixture teardown completed
]]>
</system-out>
</testcase>
</testsuite>
<testsuite name="registration.spec.js" timestamp="2025-12-26T20:08:59.301Z" hostname="chromium" tests="1" failures="0" skipped="0" time="12.886" errors="0">
<testcase name="Registration Flow with valid data" classname="registration.spec.js" time="12.886">
<system-out>
<![CDATA[[36m[INFO][0m 2025-12-26T20:09:03.652Z: Setting up practiceSitePage fixture
[36m[INFO][0m 2025-12-26T20:09:03.653Z: Navigating to https://testerbud.com/
[32m[SUCCESS][0m 2025-12-26T20:09:08.236Z: Homepage loaded successfully
[36m[INFO][0m 2025-12-26T20:09:08.239Z: Opening practice sites dropdown
[36m[INFO][0m 2025-12-26T20:09:08.740Z: Starting Registration Test
[32m[SUCCESS][0m 2025-12-26T20:09:08.741Z: Registration data validation passed
[36m[INFO][0m 2025-12-26T20:09:08.742Z: Selecting Registration practice site
[36m[INFO][0m 2025-12-26T20:09:08.742Z: Selecting practice site at index 3
[32m[SUCCESS][0m 2025-12-26T20:09:12.360Z: Successfully navigated to practice site 3
[36m[INFO][0m 2025-12-26T20:09:12.360Z: Filling registration form
[36m[INFO][0m 2025-12-26T20:09:14.245Z: Verifying registration success message
[32m[SUCCESS][0m 2025-12-26T20:09:14.283Z: Registration test passed successfully
[36m[INFO][0m 2025-12-26T20:09:14.286Z: Fixture teardown completed
]]>
</system-out>
</testcase>
</testsuite>
<testsuite name="webForm.spec.js" timestamp="2025-12-26T20:08:59.301Z" hostname="chromium" tests="1" failures="0" skipped="0" time="11.508" errors="0">
<testcase name="Web Form Automation flow with dummy data" classname="webForm.spec.js" time="11.508">
<system-out>
<![CDATA[[36m[INFO][0m 2025-12-26T20:09:03.692Z: Setting up practiceSitePage fixture
[36m[INFO][0m 2025-12-26T20:09:03.692Z: Navigating to https://testerbud.com/
[32m[SUCCESS][0m 2025-12-26T20:09:08.365Z: Homepage loaded successfully
[36m[INFO][0m 2025-12-26T20:09:08.366Z: Opening practice sites dropdown
[36m[INFO][0m 2025-12-26T20:09:08.855Z: Starting Web Form Automation Test
[32m[SUCCESS][0m 2025-12-26T20:09:08.856Z: Form data validation passed
[36m[INFO][0m 2025-12-26T20:09:08.856Z: Selecting second practice site (Web Form Automation)
[36m[INFO][0m 2025-12-26T20:09:08.856Z: Selecting practice site at index 1
[32m[SUCCESS][0m 2025-12-26T20:09:11.540Z: Successfully navigated to practice site 1
[35m[DEBUG][0m 2025-12-26T20:09:11.542Z: AutomateWebFormPage initialized
[36m[INFO][0m 2025-12-26T20:09:11.542Z: Filling form with test data
[35m[DEBUG][0m 2025-12-26T20:09:11.543Z: Form data validation passed
[36m[INFO][0m 2025-12-26T20:09:11.543Z: Selecting country: India
[35m[DEBUG][0m 2025-12-26T20:09:11.544Z: Attempt 1/3: Executing operation
[32m[SUCCESS][0m 2025-12-26T20:09:11.680Z: ✓ Operation succeeded on attempt 1
[36m[INFO][0m 2025-12-26T20:09:11.680Z: Selecting title: Mr.
[35m[DEBUG][0m 2025-12-26T20:09:11.680Z: Attempt 1/3: Executing operation
[32m[SUCCESS][0m 2025-12-26T20:09:11.737Z: ✓ Operation succeeded on attempt 1
[36m[INFO][0m 2025-12-26T20:09:11.737Z: Filling first name: Marghoob
[35m[DEBUG][0m 2025-12-26T20:09:11.738Z: Attempt 1/3: Executing operation
[32m[SUCCESS][0m 2025-12-26T20:09:11.888Z: ✓ Operation succeeded on attempt 1
[36m[INFO][0m 2025-12-26T20:09:11.889Z: Filling last name: Alam
[35m[DEBUG][0m 2025-12-26T20:09:11.889Z: Attempt 1/3: Executing operation
[32m[SUCCESS][0m 2025-12-26T20:09:11.985Z: ✓ Operation succeeded on attempt 1
[36m[INFO][0m 2025-12-26T20:09:11.985Z: Filling date of birth: 1995-08-15
[35m[DEBUG][0m 2025-12-26T20:09:11.986Z: Attempt 1/3: Executing operation
[32m[SUCCESS][0m 2025-12-26T20:09:12.114Z: ✓ Operation succeeded on attempt 1
[36m[INFO][0m 2025-12-26T20:09:12.114Z: Filling joining date: 01/01/2024
[35m[DEBUG][0m 2025-12-26T20:09:12.114Z: Attempt 1/3: Executing operation
[32m[SUCCESS][0m 2025-12-26T20:09:12.238Z: ✓ Operation succeeded on attempt 1
[36m[INFO][0m 2025-12-26T20:09:12.238Z: Filling email: marghoob@example.com
[35m[DEBUG][0m 2025-12-26T20:09:12.238Z: Attempt 1/3: Executing operation
[32m[SUCCESS][0m 2025-12-26T20:09:12.444Z: ✓ Operation succeeded on attempt 1
[36m[INFO][0m 2025-12-26T20:09:12.445Z: Selecting phone country code: +91
[35m[DEBUG][0m 2025-12-26T20:09:12.445Z: Attempt 1/3: Executing operation
[32m[SUCCESS][0m 2025-12-26T20:09:12.578Z: ✓ Operation succeeded on attempt 1
[36m[INFO][0m 2025-12-26T20:09:12.578Z: Filling phone number: 9876543210
[35m[DEBUG][0m 2025-12-26T20:09:12.578Z: Attempt 1/3: Executing operation
[32m[SUCCESS][0m 2025-12-26T20:09:12.783Z: ✓ Operation succeeded on attempt 1
[36m[INFO][0m 2025-12-26T20:09:12.783Z: Selecting communication method: Phone
[35m[DEBUG][0m 2025-12-26T20:09:12.784Z: Attempt 1/3: Executing operation
[32m[SUCCESS][0m 2025-12-26T20:09:12.979Z: ✓ Operation succeeded on attempt 1
[36m[INFO][0m 2025-12-26T20:09:12.979Z: Clicking submit button
[35m[DEBUG][0m 2025-12-26T20:09:12.979Z: Attempt 1/3: Executing operation
[32m[SUCCESS][0m 2025-12-26T20:09:13.115Z: ✓ Operation succeeded on attempt 1
[32m[SUCCESS][0m 2025-12-26T20:09:13.116Z: Form submitted successfully
[36m[INFO][0m 2025-12-26T20:09:13.116Z: Verifying success message
[36m[INFO][0m 2025-12-26T20:09:13.116Z: Verifying success message visibility
[32m[SUCCESS][0m 2025-12-26T20:09:13.140Z: Success message is visible: "✕Details Successfully Added!Thank you for practicing form automation.We do not store any data. Please avoid entering personal information. Use only dummy data for practicing automation scripts. 😊Go Back to Form"
[32m[SUCCESS][0m 2025-12-26T20:09:13.144Z: Web Form test passed successfully
[36m[INFO][0m 2025-12-26T20:09:13.146Z: Fixture teardown completed
]]>
</system-out>
</testcase>
</testsuite>
</testsuites>